#
# A fatal error has been detected by the Java Runtime Environment:
#
#  EXCEPTION_ACCESS_VIOLATION (0xc0000005) at pc=0x0000026bd6adada4, pid=436, tid=21376
#
# JRE version: Java(TM) SE Runtime Environment (21.0.1+12) (build 21.0.1+12-LTS-29)
# Java VM: Java HotSpot(TM) 64-Bit Server VM (21.0.1+12-LTS-29, mixed mode, emulated-client, sharing, tiered, compressed oops, compressed class ptrs, g1 gc, windows-amd64)
# Problematic frame:
# v  ~BufferBlob::MethodHandles adapters 0x0000026bd6adada4
#
# No core dump will be written. Minidumps are not enabled by default on client versions of Windows
#
# If you would like to submit a bug report, please visit:
#   https://bugreport.java.com/bugreport/crash.jsp
#

---------------  S U M M A R Y ------------

Command Line: -XX:+ShowCodeDetailsInExceptionMessages -agentlib:jdwp=transport=dt_socket,suspend=y,address=localhost:64564 -Dcom.sun.management.jmxremote -Dcom.sun.management.jmxremote.port=64563 -Dcom.sun.management.jmxremote.authenticate=false -Dcom.sun.management.jmxremote.ssl=false -Djava.rmi.server.hostname=localhost -Dspring.jmx.enabled=true -Dmanagement.endpoints.jmx.exposure.include=* -Dspring.application.admin.enabled=true -XX:TieredStopAtLevel=1 -Dspring.boot.project.name=demo-2 -javaagent:C:\Users\user\Downloads\sts-4.20.1.RELEASE\configuration\org.eclipse.osgi\262\0\.cp\lib\javaagent-shaded.jar -Dfile.encoding=UTF-8 -Dstdout.encoding=UTF-8 -Dstderr.encoding=UTF-8 com.spring.license_life.Demo2Application --spring.output.ansi.enabled=always

Host: 11th Gen Intel(R) Core(TM) i7-1165G7 @ 2.80GHz, 8 cores, 15G,  Windows 11 , 64 bit Build 22621 (10.0.22621.3085)
Time: Sun Feb 25 22:13:13 2024  Windows 11 , 64 bit Build 22621 (10.0.22621.3085) elapsed time: 530.294299 seconds (0d 0h 8m 50s)

---------------  T H R E A D  ---------------

Current thread (0x0000026be9932e40):  JavaThread "http-nio-8080-exec-1" daemon [_thread_in_Java, id=21376, stack(0x000000de24600000,0x000000de24700000) (1024K)]

Stack: [0x000000de24600000,0x000000de24700000],  sp=0x000000de246fd478,  free space=1013k
Native frames: (J=compiled Java code, j=interpreted, Vv=VM code, C=native code)
C  0x0000026bd6adada4

The last pc belongs to _linkToVirtual (printed below).

siginfo: EXCEPTION_ACCESS_VIOLATION (0xc0000005), reading address 0x0000026c0072b352


Registers:
RAX=0x0000026bd6aa958b, RBX=0x00000007076675c8, RCX=0x000000de246fd480, RDX=0x0000000000000002
RSP=0x000000de246fd478, RBP=0x000000de246fd4c8, RSI=0x0000026be6b22ad8, RDI=0x0000026be7e19d90
R8 =0x0000000000000004, R9 =0x0000000000000004, R10=0x0000026c0072b142, R11=0x0000000000000009
R12=0x0000000000000000, R13=0x000000de246fd478, R14=0x000000de246fd4e8, R15=0x0000026be9932e40
RIP=0x0000026bd6adada4, EFLAGS=0x0000000000010206


Register to memory mapping:

RAX=0x0000026bd6aa958b is at code_begin+4363 in an Interpreter codelet
return entry points  [0x0000026bd6aa8480, 0x0000026bd6aaa298]  7704 bytes
RBX=0x00000007076675c8 is an oop: com.spring.license_life.controller.DepartmentController 
{0x00000007076675c8} - klass: 'com/spring/license_life/controller/DepartmentController'
 - ---- fields (total size 2 words):
 - private 'departmentRepository' 'Lcom/spring/license_life/DepartmentRepository;' @12  a 'jdk/proxy8/$Proxy142'{0x000000070764d718} (0xe0ec9ae3)
RCX=0x000000de246fd480 is pointing into the stack for thread: 0x0000026be9932e40
RDX=0x0000000000000002 is an unknown value
RSP=0x000000de246fd478 is pointing into the stack for thread: 0x0000026be9932e40
RBP=0x000000de246fd4c8 is pointing into the stack for thread: 0x0000026be9932e40
RSI=0x0000026be6b22ad8 points into unknown readable memory: 0x80001025b56039a7 | a7 39 60 b5 25 10 00 80
RDI=0x0000026be7e19d90 points into unknown readable memory: 0x0000001800000060 | 60 00 00 00 18 00 00 00
R8 =0x0000000000000004 is an unknown value
R9 =0x0000000000000004 is an unknown value
R10=0x0000026c0072b142 is an unknown value
R11=0x0000000000000009 is an unknown value
R12=0x0 is null
R13=0x000000de246fd478 is pointing into the stack for thread: 0x0000026be9932e40
R14=0x000000de246fd4e8 is pointing into the stack for thread: 0x0000026be9932e40
R15=0x0000026be9932e40 is a thread

Top of Stack: (sp=0x000000de246fd478)
0x000000de246fd478:   0000026bd6aa958b 000000de246fd480
0x000000de246fd488:   0000026b8072b142 0000000000000004
0x000000de246fd498:   0000026b800b2020 000000070b1d5328
0x000000de246fd4a8:   00000007052c48b0 0000026b800b4b70
0x000000de246fd4b8:   000000de246fd478 000000de246fd4f0
0x000000de246fd4c8:   000000de246fd800 0000026bd726a7b0
0x000000de246fd4d8:   000000070b1d4fe0 00000007076675c8
0x000000de246fd4e8:   000000070b1d5130 000000de246fd800
0x000000de246fd4f8:   0000026bd77d83b4 0000000707a1dce0
0x000000de246fd508:   000000070b1d5300 00000007076675c8
0x000000de246fd518:   000000070b1d52b0 000000070b1d5130
0x000000de246fd528:   00000007076675c8 0000026bd726a6ec
0x000000de246fd538:   000000070b1d2e78 000000de246fd800
0x000000de246fd548:   0000026bd763fa3a 0000000100000000
0x000000de246fd558:   0000000707a27298 0000000707a1dce0
0x000000de246fd568:   000000070b1d5328 000000070b1d5300
0x000000de246fd578:   0000000000000001 0000000707a1dce0
0x000000de246fd588:   000000070619d810 0000000707b2c840
0x000000de246fd598:   0000000000000000 000000de246fd800
0x000000de246fd5a8:   0000026bd6de1074 0000000705af01e0
0x000000de246fd5b8:   000000070b1d2e60 000000de246fd800
0x000000de246fd5c8:   0000026bd77d7d74 0000000000000000
0x000000de246fd5d8:   0000000000000000 0000000000000000
0x000000de246fd5e8:   0000000000000000 0000000000000000
0x000000de246fd5f8:   0000000000000000 000000070b1d5328
0x000000de246fd608:   000000070619d8a0 00000007076675c8
0x000000de246fd618:   0000000705aea400 0000000707a27298
0x000000de246fd628:   00000007052c3458 0000000707a27298
0x000000de246fd638:   0000000700000000 0000000000000000
0x000000de246fd648:   000000070b1d5328 000000de246fd800
0x000000de246fd658:   0000026bd77d3a22 0000000707a27298
0x000000de246fd668:   000000070b1d5300 000000de246fd800 

Instructions: (pc=0x0000026bd6adada4)
0x0000026bd6adaca4:   6b 02 00 00 00 ad ad d6 6b 02 00 00 80 bd ad d6
0x0000026bd6adacb4:   6b 02 00 00 f0 ac ad d6 6b 02 00 00 f0 ac ad d6
0x0000026bd6adacc4:   6b 02 00 00 00 00 00 00 00 00 00 00 08 30 9b ae
0x0000026bd6adacd4:   fd 7f 00 00 f0 10 00 00 60 00 00 00 ff ff ff ff
0x0000026bd6adace4:   f0 10 00 00 00 00 00 00 00 00 00 00 00 00 00 00
0x0000026bd6adacf4:   00 00 00 00 00 00 00 00 00 00 00 00 f4 66 66 66
0x0000026bd6adad04:   0f 1f 84 00 00 00 00 00 66 66 66 90 66 66 66 0f
0x0000026bd6adad14:   1f 84 00 00 00 00 00 66 66 66 90 90 48 8b 53 08
0x0000026bd6adad24:   0f b7 52 2e 48 8b 0c d4 8b 59 14 48 c1 e3 03 8b
0x0000026bd6adad34:   5b 28 48 c1 e3 03 8b 5b 24 48 c1 e3 03 48 8b 5b
0x0000026bd6adad44:   10 48 85 db 0f 84 10 00 00 00 41 80 bf e0 05 00
0x0000026bd6adad54:   00 00 74 03 ff 63 38 ff 63 50 e9 9d 16 00 00 66
0x0000026bd6adad64:   66 66 0f 1f 84 00 00 00 00 00 66 66 66 90 66 66
0x0000026bd6adad74:   0f 1f 84 00 00 00 00 00 66 66 66 90 48 8b 53 08
0x0000026bd6adad84:   0f b7 52 2e 48 8b 0c d4 58 5b 50 44 8b 51 08 49
0x0000026bd6adad94:   bb 00 00 00 80 6b 02 00 00 4d 03 d3 4c 8b 5b 10
0x0000026bd6adada4:   4b 8b 9c da c8 01 00 00 48 85 db 0f 84 10 00 00
0x0000026bd6adadb4:   00 41 80 bf e0 05 00 00 00 74 03 ff 63 38 ff 63
0x0000026bd6adadc4:   50 e9 36 16 00 00 66 66 66 0f 1f 84 00 00 00 00
0x0000026bd6adadd4:   00 66 66 66 90 0f 1f 80 00 00 00 00 58 5b 50 8b
0x0000026bd6adade4:   5b 24 48 c1 e3 03 48 8b 5b 10 48 85 db 0f 84 10
0x0000026bd6adadf4:   00 00 00 41 80 bf e0 05 00 00 00 74 03 ff 63 38
0x0000026bd6adae04:   ff 63 50 e9 f4 15 00 00 66 66 66 0f 1f 84 00 00
0x0000026bd6adae14:   00 00 00 66 66 66 90 0f 1f 44 00 00 48 8b 53 08
0x0000026bd6adae24:   0f b7 52 2e 48 8b 0c d4 58 5b 50 48 3b 01 8b 5b
0x0000026bd6adae34:   24 48 c1 e3 03 48 8b 5b 10 48 85 db 0f 84 10 00
0x0000026bd6adae44:   00 00 41 80 bf e0 05 00 00 00 74 03 ff 63 38 ff
0x0000026bd6adae54:   63 50 e9 a5 15 00 00 0f 1f 44 00 00 48 8b 53 08
0x0000026bd6adae64:   0f b7 52 2e 48 8b 0c d4 58 5b 50 44 8b 51 08 49
0x0000026bd6adae74:   bb 00 00 00 80 6b 02 00 00 4d 03 d3 8b 43 18 48
0x0000026bd6adae84:   c1 e0 03 48 8b 40 10 48 8b 5b 10 45 8b 9a a0 00
0x0000026bd6adae94:   00 00 4f 8d 9c da c8 01 00 00 4d 8d 14 da 49 8b 


Stack slot to memory mapping:

stack at sp + 0 slots: 0x0000026bd6aa958b is at code_begin+4363 in an Interpreter codelet
return entry points  [0x0000026bd6aa8480, 0x0000026bd6aaa298]  7704 bytes
stack at sp + 1 slots: 0x000000de246fd480 is pointing into the stack for thread: 0x0000026be9932e40
stack at sp + 2 slots: 0x0000026b8072b142 is pointing into metadata
stack at sp + 3 slots: 0x0000000000000004 is an unknown value
stack at sp + 4 slots: 0x0000026b800b2020 is pointing into metadata
stack at sp + 5 slots: 0x000000070b1d5328 is an oop: jdk.internal.reflect.DirectMethodHandleAccessor 
{0x000000070b1d5328} - klass: 'jdk/internal/reflect/DirectMethodHandleAccessor'
 - ---- fields (total size 4 words):
 - private final 'paramCount' 'I' @12  0 (0x00000000)
 - private final 'flags' 'I' @16  0 (0x00000000)
 - private final 'declaringClass' 'Ljava/lang/Class;' @20  a 'java/lang/Class'{0x0000000707a1dce0} = 'com/spring/license_life/controller/DepartmentController' (0xe0f43b9c)
 - private final 'target' 'Ljava/lang/invoke/MethodHandle;' @24  a 'java/lang/invoke/BoundMethodHandle$Species_LL'{0x000000070b1d5300} (0xe163aa60)
stack at sp + 6 slots: 0x00000007052c48b0 is an oop: java.lang.Class 
{0x00000007052c48b0} - klass: 'java/lang/Class'
 - ---- fields (total size 14 words):
 - private volatile transient 'classRedefinedCount' 'I' @12  0 (0x00000000)
 - injected 'klass' 'J' @16  2660732967920 (0x0000026b800b1bf0)
 - injected 'array_klass' 'J' @24  0 (0x0000000000000000)
 - injected 'oop_size' 'I' @32  14 (0x0000000e)
 - injected 'static_oop_field_count' 'I' @36  0 (0x00000000)
 - private volatile transient 'cachedConstructor' 'Ljava/lang/reflect/Constructor;' @40  null (0x00000000)
 - private transient 'name' 'Ljava/lang/String;' @44  null (0x00000000)
 - private transient 'module' 'Ljava/lang/Module;' @48  a 'java/lang/Module'{0x00000007052ad090} (0xe0a55a12)
 - private final 'classLoader' 'Ljava/lang/ClassLoader;' @52  null (0x00000000)
 - private transient 'classData' 'Ljava/lang/Object;' @56  null (0x00000000)
 - private transient 'packageName' 'Ljava/lang/String;' @60  null (0x00000000)
 - private final 'componentType' 'Ljava/lang/Class;' @64  null (0x00000000)
 - private volatile transient 'reflectionData' 'Ljava/lang/ref/SoftReference;' @68  null (0x00000000)
 - private volatile transient 'genericInfo' 'Lsun/reflect/generics/repository/ClassRepository;' @72  null (0x00000000)
 - private volatile transient 'enumConstants' '[Ljava/lang/Object;' @76  null (0x00000000)
 - private volatile transient 'enumConstantDirectory' 'Ljava/util/Map;' @80  null (0x00000000)
 - private volatile transient 'annotationData' 'Ljava/lang/Class$AnnotationData;' @84  null (0x00000000)
 - private volatile transient 'annotationType' 'Lsun/reflect/annotation/AnnotationType;' @88  null (0x00000000)
 - transient 'classValueMap' 'Ljava/lang/ClassValue$ClassValueMap;' @92  null (0x00000000)
 - injected 'protection_domain' 'Ljava/lang/Object;' @96  null (0x00000000)
 - injected 'signers_name' 'Ljava/lang/Object;' @100  null (0x00000000)
 - injected 'source_file' 'Ljava/lang/Object;' @104  null (0x00000000)
 - signature: Ljava/lang/invoke/DirectMethodHandle$Holder;
 - ---- static fields (0):
stack at sp + 7 slots: {method} {0x0000026b800b4b78} 'invokeVirtual' '(Ljava/lang/Object;Ljava/lang/Object;)Ljava/lang/Object;' in 'java/lang/invoke/DirectMethodHandle$Holder'

MethodHandle::interpreter_entry::_linkToVirtual [0x0000026bd6adad63, 0x0000026bd6adadca] (103 bytes)
[MachCode]
  0x0000026bd6adad63: 6666 660f | 1f84 0000 | 0000 0066 | 6666 9066 | 660f 1f84 | 0000 0000 | 0066 6666 | 9048 8b53 
  0x0000026bd6adad83: 080f b752 | 2e48 8b0c | d458 5b50 | 448b 5108 | 49bb 0000 | 0080 6b02 | 0000 4d03 | d34c 8b5b 
  0x0000026bd6adada3: 104b 8b9c | dac8 0100 | 0048 85db | 0f84 1000 | 0000 4180 | bfe0 0500 | 0000 7403 | ff63 38ff 
  0x0000026bd6adadc3: 6350 e936 | 
[/MachCode]

---------------  P R O C E S S  ---------------

Threads class SMR info:
_java_thread_list=0x0000026be9411830, length=38, elements={
0x0000026be1697b70, 0x0000026be1698980, 0x0000026be169c150, 0x0000026be16a1cc0,
0x0000026be16a4990, 0x0000026be16a3820, 0x0000026be16aaed0, 0x0000026be609f050,
0x0000026be616f190, 0x0000026be6171820, 0x0000026be6171ea0, 0x0000026be69619a0,
0x0000026be6b0b760, 0x0000026be6b13570, 0x0000026be6b23d10, 0x0000026be7309280,
0x0000026be7319630, 0x0000026be83b53e0, 0x0000026be6fa3ab0, 0x0000026be9932120,
0x0000026be6fa54f0, 0x0000026be6fa2070, 0x0000026be6fa4e60, 0x0000026be6fa2700,
0x0000026be9933b60, 0x0000026be9932e40, 0x0000026be99341f0, 0x0000026be9930d70,
0x0000026be9934880, 0x0000026be9934f10, 0x0000026be9931400, 0x0000026be99327b0,
0x0000026be99355a0, 0x0000026be9930050, 0x0000026be9931a90, 0x0000026be9935c30,
0x0000026be99362c0, 0x0000026be99306e0
}

Java Threads: ( => current thread )
  0x0000026be1697b70 JavaThread "Reference Handler"          daemon [_thread_blocked, id=23924, stack(0x000000de22500000,0x000000de22600000) (1024K)]
  0x0000026be1698980 JavaThread "Finalizer"                  daemon [_thread_blocked, id=18852, stack(0x000000de22600000,0x000000de22700000) (1024K)]
  0x0000026be169c150 JavaThread "Signal Dispatcher"          daemon [_thread_blocked, id=14356, stack(0x000000de22700000,0x000000de22800000) (1024K)]
  0x0000026be16a1cc0 JavaThread "Attach Listener"            daemon [_thread_blocked, id=23860, stack(0x000000de22800000,0x000000de22900000) (1024K)]
  0x0000026be16a4990 JavaThread "Service Thread"             daemon [_thread_blocked, id=11348, stack(0x000000de22900000,0x000000de22a00000) (1024K)]
  0x0000026be16a3820 JavaThread "Monitor Deflation Thread"   daemon [_thread_blocked, id=21028, stack(0x000000de22a00000,0x000000de22b00000) (1024K)]
  0x0000026be16aaed0 JavaThread "C1 CompilerThread0"         daemon [_thread_blocked, id=9392, stack(0x000000de22b00000,0x000000de22c00000) (1024K)]
  0x0000026be609f050 JavaThread "Common-Cleaner"             daemon [_thread_blocked, id=10144, stack(0x000000de22c00000,0x000000de22d00000) (1024K)]
  0x0000026be616f190 JavaThread "JDWP Transport Listener: dt_socket" daemon [_thread_blocked, id=24152, stack(0x000000de22e00000,0x000000de22f00000) (1024K)]
  0x0000026be6171820 JavaThread "JDWP Event Helper Thread"   daemon [_thread_blocked, id=20736, stack(0x000000de22f00000,0x000000de23000000) (1024K)]
  0x0000026be6171ea0 JavaThread "JDWP Command Reader"        daemon [_thread_in_native, id=13076, stack(0x000000de23000000,0x000000de23100000) (1024K)]
  0x0000026be69619a0 JavaThread "Notification Thread"        daemon [_thread_blocked, id=4824, stack(0x000000de23100000,0x000000de23200000) (1024K)]
  0x0000026be6b0b760 JavaThread "RMI TCP Accept-0"           daemon [_thread_in_native, id=10252, stack(0x000000de23300000,0x000000de23400000) (1024K)]
  0x0000026be6b13570 JavaThread "RMI TCP Accept-64563"       daemon [_thread_in_native, id=17748, stack(0x000000de23400000,0x000000de23500000) (1024K)]
  0x0000026be6b23d10 JavaThread "RMI TCP Accept-0"           daemon [_thread_in_native, id=5384, stack(0x000000de23c00000,0x000000de23d00000) (1024K)]
  0x0000026be7309280 JavaThread "RMI Scheduler(0)"           daemon [_thread_blocked, id=10824, stack(0x000000de24000000,0x000000de24100000) (1024K)]
  0x0000026be7319630 JavaThread "JMX server connection timeout 41" daemon [_thread_blocked, id=9468, stack(0x000000de24200000,0x000000de24300000) (1024K)]
  0x0000026be83b53e0 JavaThread "mysql-cj-abandoned-connection-cleanup" daemon [_thread_blocked, id=18496, stack(0x000000de24800000,0x000000de24900000) (1024K)]
  0x0000026be6fa3ab0 JavaThread "Live Reload Server"         daemon [_thread_in_native, id=9460, stack(0x000000de24e00000,0x000000de24f00000) (1024K)]
  0x0000026be9932120 JavaThread "DestroyJavaVM"                     [_thread_blocked, id=17732, stack(0x000000de21d00000,0x000000de21e00000) (1024K)]
  0x0000026be6fa54f0 JavaThread "Catalina-utility-1"                [_thread_blocked, id=20216, stack(0x000000de21c00000,0x000000de21d00000) (1024K)]
  0x0000026be6fa2070 JavaThread "Catalina-utility-2"                [_thread_blocked, id=18652, stack(0x000000de22d00000,0x000000de22e00000) (1024K)]
  0x0000026be6fa4e60 JavaThread "container-0"                       [_thread_blocked, id=16584, stack(0x000000de23200000,0x000000de23300000) (1024K)]
  0x0000026be6fa2700 JavaThread "HikariPool-5 housekeeper"   daemon [_thread_blocked, id=17108, stack(0x000000de23e00000,0x000000de23f00000) (1024K)]
  0x0000026be9933b60 JavaThread "File Watcher"               daemon [_thread_blocked, id=24064, stack(0x000000de24400000,0x000000de24500000) (1024K)]
=>0x0000026be9932e40 JavaThread "http-nio-8080-exec-1"       daemon [_thread_in_Java, id=21376, stack(0x000000de24600000,0x000000de24700000) (1024K)]
  0x0000026be99341f0 JavaThread "http-nio-8080-exec-2"       daemon [_thread_blocked, id=19764, stack(0x000000de24700000,0x000000de24800000) (1024K)]
  0x0000026be9930d70 JavaThread "http-nio-8080-exec-3"       daemon [_thread_blocked, id=19620, stack(0x000000de24a00000,0x000000de24b00000) (1024K)]
  0x0000026be9934880 JavaThread "http-nio-8080-exec-4"       daemon [_thread_blocked, id=12048, stack(0x000000de24b00000,0x000000de24c00000) (1024K)]
  0x0000026be9934f10 JavaThread "http-nio-8080-exec-5"       daemon [_thread_blocked, id=16956, stack(0x000000de24c00000,0x000000de24d00000) (1024K)]
  0x0000026be9931400 JavaThread "http-nio-8080-exec-6"       daemon [_thread_blocked, id=2952, stack(0x000000de24d00000,0x000000de24e00000) (1024K)]
  0x0000026be99327b0 JavaThread "http-nio-8080-exec-7"       daemon [_thread_blocked, id=14084, stack(0x000000de24f00000,0x000000de25000000) (1024K)]
  0x0000026be99355a0 JavaThread "http-nio-8080-exec-8"       daemon [_thread_blocked, id=10480, stack(0x000000de25000000,0x000000de25100000) (1024K)]
  0x0000026be9930050 JavaThread "http-nio-8080-exec-9"       daemon [_thread_blocked, id=15384, stack(0x000000de25100000,0x000000de25200000) (1024K)]
  0x0000026be9931a90 JavaThread "http-nio-8080-exec-10"      daemon [_thread_blocked, id=22060, stack(0x000000de25200000,0x000000de25300000) (1024K)]
  0x0000026be9935c30 JavaThread "http-nio-8080-Poller"       daemon [_thread_in_native, id=8904, stack(0x000000de25300000,0x000000de25400000) (1024K)]
  0x0000026be99362c0 JavaThread "http-nio-8080-Acceptor"     daemon [_thread_in_native, id=9776, stack(0x000000de25400000,0x000000de25500000) (1024K)]
  0x0000026be99306e0 JavaThread "RMI TCP Connection(idle)"   daemon [_thread_blocked, id=23792, stack(0x000000de25500000,0x000000de25600000) (1024K)]
Total: 38

Other Threads:
  0x0000026be1677bd0 VMThread "VM Thread"                           [id=22164, stack(0x000000de22400000,0x000000de22500000) (1024K)]
  0x0000026be1661e60 WatcherThread "VM Periodic Task Thread"        [id=1744, stack(0x000000de22300000,0x000000de22400000) (1024K)]
  0x0000026bcceb7a70 WorkerThread "GC Thread#0"                     [id=18912, stack(0x000000de21e00000,0x000000de21f00000) (1024K)]
  0x0000026be6b1bc20 WorkerThread "GC Thread#1"                     [id=684, stack(0x000000de23500000,0x000000de23600000) (1024K)]
  0x0000026be6b1bfc0 WorkerThread "GC Thread#2"                     [id=11640, stack(0x000000de23600000,0x000000de23700000) (1024K)]
  0x0000026be6b1c360 WorkerThread "GC Thread#3"                     [id=1924, stack(0x000000de23700000,0x000000de23800000) (1024K)]
  0x0000026be6b1c700 WorkerThread "GC Thread#4"                     [id=15864, stack(0x000000de23800000,0x000000de23900000) (1024K)]
  0x0000026be6b1caa0 WorkerThread "GC Thread#5"                     [id=11604, stack(0x000000de23900000,0x000000de23a00000) (1024K)]
  0x0000026be6b4f630 WorkerThread "GC Thread#6"                     [id=20280, stack(0x000000de23a00000,0x000000de23b00000) (1024K)]
  0x0000026be6b4f9d0 WorkerThread "GC Thread#7"                     [id=11952, stack(0x000000de23b00000,0x000000de23c00000) (1024K)]
  0x0000026bccec8450 ConcurrentGCThread "G1 Main Marker"            [id=15160, stack(0x000000de21f00000,0x000000de22000000) (1024K)]
  0x0000026bccecafc0 WorkerThread "G1 Conc#0"                       [id=17552, stack(0x000000de22000000,0x000000de22100000) (1024K)]
  0x0000026be7271b60 WorkerThread "G1 Conc#1"                       [id=11256, stack(0x000000de24500000,0x000000de24600000) (1024K)]
  0x0000026bccefe2f0 ConcurrentGCThread "G1 Refine#0"               [id=23160, stack(0x000000de22100000,0x000000de22200000) (1024K)]
  0x0000026be15340a0 ConcurrentGCThread "G1 Service"                [id=19972, stack(0x000000de22200000,0x000000de22300000) (1024K)]
Total: 15

Threads with active compile tasks:
Total: 0

VM state: not at safepoint (normal execution)

VM Mutex/Monitor currently owned by a thread: None

Heap address: 0x0000000705000000, size: 4016 MB, Compressed Oops mode: Zero based, Oop shift amount: 3

CDS archive(s) mapped at: [0x0000026b80000000-0x0000026b80c90000-0x0000026b80c90000), size 13172736, SharedBaseAddress: 0x0000026b80000000, ArchiveRelocationMode: 1.
Compressed class space mapped at: 0x0000026b81000000-0x0000026bc1000000, reserved size: 1073741824
Narrow klass base: 0x0000026b80000000, Narrow klass shift: 0, Narrow klass range: 0x100000000

GC Precious Log:
 CardTable entry size: 512
 Card Set container configuration: InlinePtr #cards 4 size 8 Array Of Cards #cards 16 size 48 Howl #buckets 8 coarsen threshold 3686 Howl Bitmap #cards 512 size 80 coarsen threshold 460 Card regions per heap region 1 cards per card region 4096
 CPUs: 8 total, 8 available
 Memory: 16057M
 Large Page Support: Disabled
 NUMA Support: Disabled
 Compressed Oops: Enabled (Zero based)
 Heap Region Size: 2M
 Heap Min Capacity: 8M
 Heap Initial Capacity: 252M
 Heap Max Capacity: 4016M
 Pre-touch: Disabled
 Parallel Workers: 8
 Concurrent Workers: 2
 Concurrent Refinement Workers: 8
 Periodic GC: Disabled

Heap:
 garbage-first heap   total 110592K, used 45688K [0x0000000705000000, 0x0000000800000000)
  region size 2048K, 10 young (20480K), 3 survivors (6144K)
 Metaspace       used 75090K, committed 75904K, reserved 1114112K
  class space    used 10446K, committed 10880K, reserved 1048576K

Heap Regions: E=young(eden), S=young(survivor), O=old, HS=humongous(starts), HC=humongous(continues), CS=collection set, F=free, TAMS=top-at-mark-start, PB=parsable bottom
|   0|0x0000000705000000, 0x0000000705200000, 0x0000000705200000|100%| O|  |TAMS 0x0000000705000000| PB 0x0000000705000000| Untracked 
|   1|0x0000000705200000, 0x00000007053fffe8, 0x0000000705400000| 99%| O|  |TAMS 0x0000000705200000| PB 0x0000000705200000| Untracked 
|   2|0x0000000705400000, 0x00000007055fffb0, 0x0000000705600000| 99%| O|  |TAMS 0x0000000705400000| PB 0x0000000705400000| Untracked 
|   3|0x0000000705600000, 0x0000000705800000, 0x0000000705800000|100%| O|  |TAMS 0x0000000705600000| PB 0x0000000705600000| Untracked 
|   4|0x0000000705800000, 0x00000007059ffff0, 0x0000000705a00000| 99%| O|  |TAMS 0x0000000705800000| PB 0x0000000705800000| Untracked 
|   5|0x0000000705a00000, 0x0000000705bffc50, 0x0000000705c00000| 99%| O|  |TAMS 0x0000000705a00000| PB 0x0000000705a00000| Untracked 
|   6|0x0000000705c00000, 0x0000000705dffff0, 0x0000000705e00000| 99%| O|  |TAMS 0x0000000705c00000| PB 0x0000000705c00000| Untracked 
|   7|0x0000000705e00000, 0x0000000705fffff8, 0x0000000706000000| 99%| O|  |TAMS 0x0000000705e00000| PB 0x0000000705e00000| Untracked 
|   8|0x0000000706000000, 0x00000007061ffff8, 0x0000000706200000| 99%| O|  |TAMS 0x0000000706000000| PB 0x0000000706000000| Untracked 
|   9|0x0000000706200000, 0x0000000706400000, 0x0000000706400000|100%| O|  |TAMS 0x0000000706200000| PB 0x0000000706200000| Untracked 
|  10|0x0000000706400000, 0x000000070659b968, 0x0000000706600000| 80%| O|  |TAMS 0x0000000706400000| PB 0x0000000706400000| Untracked 
|  11|0x0000000706600000, 0x00000007067fffc8, 0x0000000706800000| 99%| O|  |TAMS 0x0000000706600000| PB 0x0000000706600000| Untracked 
|  12|0x0000000706800000, 0x00000007069fffe0, 0x0000000706a00000| 99%| O|  |TAMS 0x0000000706800000| PB 0x0000000706800000| Untracked 
|  13|0x0000000706a00000, 0x0000000706adf200, 0x0000000706c00000| 43%| O|  |TAMS 0x0000000706a00000| PB 0x0000000706a00000| Untracked 
|  14|0x0000000706c00000, 0x0000000706c00000, 0x0000000706e00000|  0%| F|  |TAMS 0x0000000706c00000| PB 0x0000000706c00000| Untracked 
|  15|0x0000000706e00000, 0x0000000706e55088, 0x0000000707000000| 16%| O|  |TAMS 0x0000000706e00000| PB 0x0000000706e00000| Untracked 
|  16|0x0000000707000000, 0x00000007070a93f8, 0x0000000707200000| 33%| O|  |TAMS 0x0000000707000000| PB 0x0000000707000000| Untracked 
|  17|0x0000000707200000, 0x0000000707200000, 0x0000000707400000|  0%| F|  |TAMS 0x0000000707200000| PB 0x0000000707200000| Untracked 
|  18|0x0000000707400000, 0x0000000707400000, 0x0000000707600000|  0%| F|  |TAMS 0x0000000707400000| PB 0x0000000707400000| Untracked 
|  19|0x0000000707600000, 0x0000000707725660, 0x0000000707800000| 57%| S|CS|TAMS 0x0000000707600000| PB 0x0000000707600000| Complete 
|  20|0x0000000707800000, 0x0000000707a00000, 0x0000000707a00000|100%| S|CS|TAMS 0x0000000707800000| PB 0x0000000707800000| Complete 
|  21|0x0000000707a00000, 0x0000000707c00000, 0x0000000707c00000|100%| S|CS|TAMS 0x0000000707a00000| PB 0x0000000707a00000| Complete 
|  22|0x0000000707c00000, 0x0000000707c00000, 0x0000000707e00000|  0%| F|  |TAMS 0x0000000707c00000| PB 0x0000000707c00000| Untracked 
|  23|0x0000000707e00000, 0x0000000707e00000, 0x0000000708000000|  0%| F|  |TAMS 0x0000000707e00000| PB 0x0000000707e00000| Untracked 
|  24|0x0000000708000000, 0x0000000708000000, 0x0000000708200000|  0%| F|  |TAMS 0x0000000708000000| PB 0x0000000708000000| Untracked 
|  25|0x0000000708200000, 0x0000000708200000, 0x0000000708400000|  0%| F|  |TAMS 0x0000000708200000| PB 0x0000000708200000| Untracked 
|  26|0x0000000708400000, 0x0000000708400000, 0x0000000708600000|  0%| F|  |TAMS 0x0000000708400000| PB 0x0000000708400000| Untracked 
|  27|0x0000000708600000, 0x0000000708600000, 0x0000000708800000|  0%| F|  |TAMS 0x0000000708600000| PB 0x0000000708600000| Untracked 
|  28|0x0000000708800000, 0x0000000708800000, 0x0000000708a00000|  0%| F|  |TAMS 0x0000000708800000| PB 0x0000000708800000| Untracked 
|  29|0x0000000708a00000, 0x0000000708a00000, 0x0000000708c00000|  0%| F|  |TAMS 0x0000000708a00000| PB 0x0000000708a00000| Untracked 
|  30|0x0000000708c00000, 0x0000000708c00000, 0x0000000708e00000|  0%| F|  |TAMS 0x0000000708c00000| PB 0x0000000708c00000| Untracked 
|  31|0x0000000708e00000, 0x0000000708e00000, 0x0000000709000000|  0%| F|  |TAMS 0x0000000708e00000| PB 0x0000000708e00000| Untracked 
|  32|0x0000000709000000, 0x0000000709000000, 0x0000000709200000|  0%| F|  |TAMS 0x0000000709000000| PB 0x0000000709000000| Untracked 
|  33|0x0000000709200000, 0x0000000709200000, 0x0000000709400000|  0%| F|  |TAMS 0x0000000709200000| PB 0x0000000709200000| Untracked 
|  34|0x0000000709400000, 0x0000000709400000, 0x0000000709600000|  0%| F|  |TAMS 0x0000000709400000| PB 0x0000000709400000| Untracked 
|  35|0x0000000709600000, 0x0000000709600000, 0x0000000709800000|  0%| F|  |TAMS 0x0000000709600000| PB 0x0000000709600000| Untracked 
|  36|0x0000000709800000, 0x0000000709800000, 0x0000000709a00000|  0%| F|  |TAMS 0x0000000709800000| PB 0x0000000709800000| Untracked 
|  37|0x0000000709a00000, 0x0000000709a00000, 0x0000000709c00000|  0%| F|  |TAMS 0x0000000709a00000| PB 0x0000000709a00000| Untracked 
|  38|0x0000000709c00000, 0x0000000709c00000, 0x0000000709e00000|  0%| F|  |TAMS 0x0000000709c00000| PB 0x0000000709c00000| Untracked 
|  39|0x0000000709e00000, 0x0000000709e00000, 0x000000070a000000|  0%| F|  |TAMS 0x0000000709e00000| PB 0x0000000709e00000| Untracked 
|  40|0x000000070a000000, 0x000000070a000000, 0x000000070a200000|  0%| F|  |TAMS 0x000000070a000000| PB 0x000000070a000000| Untracked 
|  41|0x000000070a200000, 0x000000070a200000, 0x000000070a400000|  0%| F|  |TAMS 0x000000070a200000| PB 0x000000070a200000| Untracked 
|  42|0x000000070a400000, 0x000000070a400000, 0x000000070a600000|  0%| F|  |TAMS 0x000000070a400000| PB 0x000000070a400000| Untracked 
|  43|0x000000070a600000, 0x000000070a600000, 0x000000070a800000|  0%| F|  |TAMS 0x000000070a600000| PB 0x000000070a600000| Untracked 
|  44|0x000000070a800000, 0x000000070a800000, 0x000000070aa00000|  0%| F|  |TAMS 0x000000070a800000| PB 0x000000070a800000| Untracked 
|  45|0x000000070aa00000, 0x000000070aa00000, 0x000000070ac00000|  0%| F|  |TAMS 0x000000070aa00000| PB 0x000000070aa00000| Untracked 
|  46|0x000000070ac00000, 0x000000070ac00000, 0x000000070ae00000|  0%| F|  |TAMS 0x000000070ac00000| PB 0x000000070ac00000| Untracked 
|  47|0x000000070ae00000, 0x000000070afc1f50, 0x000000070b000000| 87%| E|  |TAMS 0x000000070ae00000| PB 0x000000070ae00000| Complete 
|  48|0x000000070b000000, 0x000000070b200000, 0x000000070b200000|100%| E|CS|TAMS 0x000000070b000000| PB 0x000000070b000000| Complete 
|  49|0x000000070b200000, 0x000000070b400000, 0x000000070b400000|100%| E|CS|TAMS 0x000000070b200000| PB 0x000000070b200000| Complete 
|  50|0x000000070b400000, 0x000000070b600000, 0x000000070b600000|100%| E|CS|TAMS 0x000000070b400000| PB 0x000000070b400000| Complete 
|  51|0x000000070b600000, 0x000000070b800000, 0x000000070b800000|100%| E|CS|TAMS 0x000000070b600000| PB 0x000000070b600000| Complete 
|  52|0x000000070b800000, 0x000000070ba00000, 0x000000070ba00000|100%| E|CS|TAMS 0x000000070b800000| PB 0x000000070b800000| Complete 
|  53|0x000000070ba00000, 0x000000070bc00000, 0x000000070bc00000|100%| E|CS|TAMS 0x000000070ba00000| PB 0x000000070ba00000| Complete 

Card table byte_map: [0x0000026bdab60000,0x0000026bdb340000] _byte_map_base: 0x0000026bd7338000

Marking Bits: (CMBitMap*) 0x0000026bcceb8070
 Bits: [0x0000026bdb340000, 0x0000026bdf200000)

Polling page: 0x0000026bccf00000

Metaspace:

Usage:
  Non-class:     63.13 MB used.
      Class:     10.20 MB used.
       Both:     73.33 MB used.

Virtual space:
  Non-class space:       64.00 MB reserved,      63.50 MB (>99%) committed,  1 nodes.
      Class space:        1.00 GB reserved,      10.62 MB (  1%) committed,  1 nodes.
             Both:        1.06 GB reserved,      74.12 MB (  7%) committed. 

Chunk freelists:
   Non-Class:  285.00 KB
       Class:  5.39 MB
        Both:  5.67 MB

MaxMetaspaceSize: unlimited
CompressedClassSpaceSize: 1.00 GB
Initial GC threshold: 21.00 MB
Current GC threshold: 123.38 MB
CDS: on
 - commit_granule_bytes: 65536.
 - commit_granule_words: 8192.
 - virtual_space_node_default_size: 8388608.
 - enlarge_chunks_in_place: 1.
 - use_allocation_guard: 0.


Internal statistics:

num_allocs_failed_limit: 6.
num_arena_births: 1090.
num_arena_deaths: 384.
num_vsnodes_births: 2.
num_vsnodes_deaths: 0.
num_space_committed: 1186.
num_space_uncommitted: 0.
num_chunks_returned_to_freelist: 450.
num_chunks_taken_from_freelist: 3757.
num_chunk_merges: 114.
num_chunk_splits: 2653.
num_chunks_enlarged: 2064.
num_inconsistent_stats: 0.

CodeCache: size=49152Kb used=14758Kb max_used=16572Kb free=34393Kb
 bounds [0x0000026bd6aa0000, 0x0000026bd7bf0000, 0x0000026bd9aa0000]
 total_blobs=7809 nmethods=7060 adapters=672
 compilation: enabled
              stopped_count=0, restarted_count=0
 full_count=0

Compilation events (20 events):
Event: 439.566 Thread 0x0000026be6103f20 9185       1       org.apache.tomcat.util.buf.ByteChunk::<init> (15 bytes)
Event: 439.566 Thread 0x0000026be6103f20 nmethod 9185 0x0000026bd766ca90 code [0x0000026bd766cc20, 0x0000026bd766cd50]
Event: 439.566 Thread 0x0000026be16aaed0 9186       1       org.apache.tomcat.util.buf.MessageBytes::getByteChunk (5 bytes)
Event: 439.567 Thread 0x0000026be6103f20 9187       1       org.apache.tomcat.util.buf.ByteChunk::getBuffer (5 bytes)
Event: 439.567 Thread 0x0000026be16aaed0 nmethod 9186 0x0000026bd766e410 code [0x0000026bd766e5a0, 0x0000026bd766e670]
Event: 439.567 Thread 0x0000026be6103f20 nmethod 9187 0x0000026bd766ef90 code [0x0000026bd766f120, 0x0000026bd766f1f0]
Event: 439.568 Thread 0x0000026be6103f20 9188       1       java.util.concurrent.CopyOnWriteArrayList::toArray (11 bytes)
Event: 439.568 Thread 0x0000026be16aaed0 9189       1       org.apache.catalina.core.StandardContext::getApplicationEventListeners (10 bytes)
Event: 439.568 Thread 0x0000026be16aaed0 nmethod 9189 0x0000026bd7678590 code [0x0000026bd7678740, 0x0000026bd7678840]
Event: 439.568 Thread 0x0000026be6103f20 nmethod 9188 0x0000026bd767a290 code [0x0000026bd767a440, 0x0000026bd767a578]
Event: 451.187 Thread 0x0000026be16aaed0 9190       1       sun.net.ext.ExtendedSocketOptions::isOptionSupported (11 bytes)
Event: 451.187 Thread 0x0000026be16aaed0 nmethod 9190 0x0000026bd7685f10 code [0x0000026bd76860c0, 0x0000026bd76861c8]
Event: 451.188 Thread 0x0000026be16aaed0 9191       1       sun.nio.ch.SocketOptionRegistry::findOption (23 bytes)
Event: 451.188 Thread 0x0000026be16aaed0 nmethod 9191 0x0000026bd7556110 code [0x0000026bd75562c0, 0x0000026bd7556538]
Event: 451.188 Thread 0x0000026be16aaed0 9192       1       sun.nio.ch.SocketOptionRegistry$RegistryKey::equals (48 bytes)
Event: 451.188 Thread 0x0000026be16aaed0 nmethod 9192 0x0000026bd7850490 code [0x0000026bd7850640, 0x0000026bd7850888]
Event: 463.328 Thread 0x0000026be16aaed0 9193       1       org.apache.catalina.core.ContainerBase::getBackgroundProcessorDelay (5 bytes)
Event: 463.329 Thread 0x0000026be16aaed0 nmethod 9193 0x0000026bd76a2b10 code [0x0000026bd76a2ca0, 0x0000026bd76a2d68]
Event: 463.329 Thread 0x0000026be16aaed0 9194       1       org.apache.catalina.valves.ValveBase::backgroundProcess (1 bytes)
Event: 463.329 Thread 0x0000026be16aaed0 nmethod 9194 0x0000026bd76c1190 code [0x0000026bd76c1320, 0x0000026bd76c13e8]

GC Heap History (20 events):
Event: 6.089 GC heap before
{Heap before GC invocations=19 (full 0):
 garbage-first heap   total 102400K, used 82776K [0x0000000705000000, 0x0000000800000000)
  region size 2048K, 30 young (61440K), 3 survivors (6144K)
 Metaspace       used 68798K, committed 69504K, reserved 1114112K
  class space    used 9648K, committed 9984K, reserved 1048576K
}
Event: 6.095 GC heap after
{Heap after GC invocations=20 (full 0):
 garbage-first heap   total 102400K, used 32514K [0x0000000705000000, 0x0000000800000000)
  region size 2048K, 4 young (8192K), 4 survivors (8192K)
 Metaspace       used 68798K, committed 69504K, reserved 1114112K
  class space    used 9648K, committed 9984K, reserved 1048576K
}
Event: 15.055 GC heap before
{Heap before GC invocations=20 (full 0):
 garbage-first heap   total 102400K, used 83714K [0x0000000705000000, 0x0000000800000000)
  region size 2048K, 30 young (61440K), 4 survivors (8192K)
 Metaspace       used 73224K, committed 73984K, reserved 1114112K
  class space    used 10272K, committed 10624K, reserved 1048576K
}
Event: 15.077 GC heap after
{Heap after GC invocations=21 (full 0):
 garbage-first heap   total 122880K, used 34467K [0x0000000705000000, 0x0000000800000000)
  region size 2048K, 3 young (6144K), 3 survivors (6144K)
 Metaspace       used 73224K, committed 73984K, reserved 1114112K
  class space    used 10272K, committed 10624K, reserved 1048576K
}
Event: 78.719 GC heap before
{Heap before GC invocations=21 (full 0):
 garbage-first heap   total 122880K, used 50851K [0x0000000705000000, 0x0000000800000000)
  region size 2048K, 12 young (24576K), 3 survivors (6144K)
 Metaspace       used 74488K, committed 75328K, reserved 1114112K
  class space    used 10453K, committed 10880K, reserved 1048576K
}
Event: 78.755 GC heap after
{Heap after GC invocations=22 (full 1):
 garbage-first heap   total 116736K, used 28632K [0x0000000705000000, 0x0000000800000000)
  region size 2048K, 0 young (0K), 0 survivors (0K)
 Metaspace       used 74488K, committed 75328K, reserved 1114112K
  class space    used 10453K, committed 10880K, reserved 1048576K
}
Event: 79.527 GC heap before
{Heap before GC invocations=22 (full 1):
 garbage-first heap   total 116736K, used 96216K [0x0000000705000000, 0x0000000800000000)
  region size 2048K, 34 young (69632K), 0 survivors (0K)
 Metaspace       used 74720K, committed 75520K, reserved 1114112K
  class space    used 10474K, committed 10880K, reserved 1048576K
}
Event: 79.532 GC heap after
{Heap after GC invocations=23 (full 1):
 garbage-first heap   total 116736K, used 34283K [0x0000000705000000, 0x0000000800000000)
  region size 2048K, 3 young (6144K), 3 survivors (6144K)
 Metaspace       used 74720K, committed 75520K, reserved 1114112K
  class space    used 10474K, committed 10880K, reserved 1048576K
}
Event: 89.233 GC heap before
{Heap before GC invocations=24 (full 1):
 garbage-first heap   total 116736K, used 42475K [0x0000000705000000, 0x0000000800000000)
  region size 2048K, 8 young (16384K), 3 survivors (6144K)
 Metaspace       used 74735K, committed 75584K, reserved 1114112K
  class space    used 10477K, committed 10880K, reserved 1048576K
}
Event: 89.271 GC heap after
{Heap after GC invocations=25 (full 2):
 garbage-first heap   total 110592K, used 27729K [0x0000000705000000, 0x0000000800000000)
  region size 2048K, 0 young (0K), 0 survivors (0K)
 Metaspace       used 74583K, committed 75584K, reserved 1114112K
  class space    used 10437K, committed 10880K, reserved 1048576K
}
Event: 90.388 GC heap before
{Heap before GC invocations=25 (full 2):
 garbage-first heap   total 110592K, used 93265K [0x0000000705000000, 0x0000000800000000)
  region size 2048K, 32 young (65536K), 0 survivors (0K)
 Metaspace       used 74815K, committed 75648K, reserved 1114112K
  class space    used 10460K, committed 10880K, reserved 1048576K
}
Event: 90.391 GC heap after
{Heap after GC invocations=26 (full 2):
 garbage-first heap   total 110592K, used 32835K [0x0000000705000000, 0x0000000800000000)
  region size 2048K, 3 young (6144K), 3 survivors (6144K)
 Metaspace       used 74815K, committed 75648K, reserved 1114112K
  class space    used 10460K, committed 10880K, reserved 1048576K
}
Event: 149.629 GC heap before
{Heap before GC invocations=26 (full 2):
 garbage-first heap   total 110592K, used 45123K [0x0000000705000000, 0x0000000800000000)
  region size 2048K, 10 young (20480K), 3 survivors (6144K)
 Metaspace       used 74827K, committed 75648K, reserved 1114112K
  class space    used 10462K, committed 10880K, reserved 1048576K
}
Event: 149.666 GC heap after
{Heap after GC invocations=27 (full 3):
 garbage-first heap   total 110592K, used 27878K [0x0000000705000000, 0x0000000800000000)
  region size 2048K, 0 young (0K), 0 survivors (0K)
 Metaspace       used 74616K, committed 75648K, reserved 1114112K
  class space    used 10406K, committed 10880K, reserved 1048576K
}
Event: 151.104 GC heap before
{Heap before GC invocations=27 (full 3):
 garbage-first heap   total 110592K, used 93414K [0x0000000705000000, 0x0000000800000000)
  region size 2048K, 32 young (65536K), 0 survivors (0K)
 Metaspace       used 74841K, committed 75776K, reserved 1114112K
  class space    used 10425K, committed 10880K, reserved 1048576K
}
Event: 151.107 GC heap after
{Heap after GC invocations=28 (full 3):
 garbage-first heap   total 110592K, used 33270K [0x0000000705000000, 0x0000000800000000)
  region size 2048K, 3 young (6144K), 3 survivors (6144K)
 Metaspace       used 74841K, committed 75776K, reserved 1114112K
  class space    used 10425K, committed 10880K, reserved 1048576K
}
Event: 432.845 GC heap before
{Heap before GC invocations=28 (full 3):
 garbage-first heap   total 110592K, used 49654K [0x0000000705000000, 0x0000000800000000)
  region size 2048K, 12 young (24576K), 3 survivors (6144K)
 Metaspace       used 74853K, committed 75776K, reserved 1114112K
  class space    used 10426K, committed 10880K, reserved 1048576K
}
Event: 432.881 GC heap after
{Heap after GC invocations=29 (full 4):
 garbage-first heap   total 110592K, used 28130K [0x0000000705000000, 0x0000000800000000)
  region size 2048K, 0 young (0K), 0 survivors (0K)
 Metaspace       used 74850K, committed 75776K, reserved 1114112K
  class space    used 10425K, committed 10880K, reserved 1048576K
}
Event: 433.545 GC heap before
{Heap before GC invocations=29 (full 4):
 garbage-first heap   total 110592K, used 93666K [0x0000000705000000, 0x0000000800000000)
  region size 2048K, 32 young (65536K), 0 survivors (0K)
 Metaspace       used 75082K, committed 75904K, reserved 1114112K
  class space    used 10446K, committed 10880K, reserved 1048576K
}
Event: 433.549 GC heap after
{Heap after GC invocations=30 (full 4):
 garbage-first heap   total 110592K, used 33400K [0x0000000705000000, 0x0000000800000000)
  region size 2048K, 3 young (6144K), 3 survivors (6144K)
 Metaspace       used 75082K, committed 75904K, reserved 1114112K
  class space    used 10446K, committed 10880K, reserved 1048576K
}

Dll operation events (12 events):
Event: 0.014 Loaded shared library C:\Program Files\Java\jdk-21\bin\java.dll
Event: 0.208 Loaded shared library C:\Program Files\Java\jdk-21\bin\zip.dll
Event: 0.217 Loaded shared library C:\Program Files\Java\jdk-21\bin\instrument.dll
Event: 0.224 Loaded shared library C:\Program Files\Java\jdk-21\bin\net.dll
Event: 0.226 Loaded shared library C:\Program Files\Java\jdk-21\bin\nio.dll
Event: 0.230 Loaded shared library C:\Program Files\Java\jdk-21\bin\zip.dll
Event: 0.358 Loaded shared library C:\Program Files\Java\jdk-21\bin\jimage.dll
Event: 0.391 Loaded shared library C:\Program Files\Java\jdk-21\bin\management.dll
Event: 0.398 Loaded shared library C:\Program Files\Java\jdk-21\bin\management_ext.dll
Event: 0.556 Loaded shared library C:\Program Files\Java\jdk-21\bin\extnet.dll
Event: 0.578 Loaded shared library C:\Program Files\Java\jdk-21\bin\verify.dll
Event: 1.562 Loaded shared library C:\Program Files\Java\jdk-21\bin\sunmscapi.dll

Deoptimization events (20 events):
Event: 433.594 Thread 0x0000026be6fa3420 DEOPT PACKING pc=0x0000026bd72853c4 sp=0x000000de21bfdf40
Event: 433.594 Thread 0x0000026be6fa3420 DEOPT UNPACKING pc=0x0000026bd6af88e2 sp=0x000000de21bfd4a0 mode 1
Event: 433.594 Thread 0x0000026be6fa3420 DEOPT PACKING pc=0x0000026bd77f32fc sp=0x000000de21bfe060
Event: 433.594 Thread 0x0000026be6fa3420 DEOPT UNPACKING pc=0x0000026bd6af88e2 sp=0x000000de21bfd530 mode 1
Event: 433.594 Thread 0x0000026be6fa3420 DEOPT PACKING pc=0x0000026bd72853c4 sp=0x000000de21bfdf30
Event: 433.594 Thread 0x0000026be6fa3420 DEOPT UNPACKING pc=0x0000026bd6af88e2 sp=0x000000de21bfd4a8 mode 1
Event: 433.594 Thread 0x0000026be6fa3420 DEOPT PACKING pc=0x0000026bd72853c4 sp=0x000000de21bfe3d0
Event: 433.594 Thread 0x0000026be6fa3420 DEOPT UNPACKING pc=0x0000026bd6af88e2 sp=0x000000de21bfd930 mode 1
Event: 433.594 Thread 0x0000026be6fa3420 DEOPT PACKING pc=0x0000026bd7483f2c sp=0x000000de21bfe4f0
Event: 433.594 Thread 0x0000026be6fa3420 DEOPT UNPACKING pc=0x0000026bd6af88e2 sp=0x000000de21bfd9b0 mode 1
Event: 433.599 Thread 0x0000026be6fa3420 DEOPT PACKING pc=0x0000026bd71b6dcc sp=0x000000de21bfe2d0
Event: 433.599 Thread 0x0000026be6fa3420 DEOPT UNPACKING pc=0x0000026bd6af88e2 sp=0x000000de21bfd8b0 mode 1
Event: 433.607 Thread 0x0000026be6fa3420 DEOPT PACKING pc=0x0000026bd774aff4 sp=0x000000de21bfe6a0
Event: 433.607 Thread 0x0000026be6fa3420 DEOPT UNPACKING pc=0x0000026bd6af88e2 sp=0x000000de21bfdc08 mode 1
Event: 433.607 Thread 0x0000026be6fa3420 DEOPT PACKING pc=0x0000026bd774aff4 sp=0x000000de21bfe630
Event: 433.607 Thread 0x0000026be6fa3420 DEOPT UNPACKING pc=0x0000026bd6af88e2 sp=0x000000de21bfdb98 mode 1
Event: 433.607 Thread 0x0000026be6fa3420 DEOPT PACKING pc=0x0000026bd774aff4 sp=0x000000de21bfe5c0
Event: 433.607 Thread 0x0000026be6fa3420 DEOPT UNPACKING pc=0x0000026bd6af88e2 sp=0x000000de21bfdb28 mode 1
Event: 530.249 Thread 0x0000026be9932e40 DEOPT PACKING pc=0x0000026bd7250834 sp=0x000000de246fd490
Event: 530.249 Thread 0x0000026be9932e40 DEOPT UNPACKING pc=0x0000026bd6af88e2 sp=0x000000de246fc938 mode 0

Classes loaded (20 events):
Event: 15.297 Loading class java/util/stream/DoubleStream
Event: 15.297 Loading class java/util/stream/DoubleStream done
Event: 15.344 Loading class org/w3c/dom/Node
Event: 15.344 Loading class org/w3c/dom/Node done
Event: 15.344 Loading class org/w3c/dom/Document
Event: 15.345 Loading class org/w3c/dom/Document done
Event: 78.691 Loading class java/util/concurrent/locks/AbstractQueuedSynchronizer$SharedNode
Event: 78.691 Loading class java/util/concurrent/locks/AbstractQueuedSynchronizer$SharedNode done
Event: 78.702 Loading class sun/security/ssl/Alert
Event: 78.702 Loading class sun/security/ssl/Alert done
Event: 78.702 Loading class sun/security/ssl/Alert$AlertConsumer
Event: 78.702 Loading class sun/security/ssl/Alert$AlertConsumer done
Event: 78.702 Loading class sun/security/ssl/Alert$Level
Event: 78.702 Loading class sun/security/ssl/Alert$Level done
Event: 78.703 Loading class sun/net/ConnectionResetException
Event: 78.703 Loading class sun/net/ConnectionResetException done
Event: 78.755 Loading class java/lang/ref/Finalizer$2
Event: 78.755 Loading class java/lang/ref/Finalizer$2 done
Event: 78.756 Loading class java/lang/ref/Finalizer$1
Event: 78.756 Loading class java/lang/ref/Finalizer$1 done

Classes unloaded (20 events):
Event: 149.643 Thread 0x0000026be1677bd0 Unloading class 0x0000026b81170400 'java/lang/invoke/LambdaForm$MH+0x0000026b81170400'
Event: 149.643 Thread 0x0000026be1677bd0 Unloading class 0x0000026b81170000 'java/lang/invoke/LambdaForm$MH+0x0000026b81170000'
Event: 149.643 Thread 0x0000026be1677bd0 Unloading class 0x0000026b810dcc00 'java/lang/invoke/LambdaForm$MH+0x0000026b810dcc00'
Event: 149.643 Thread 0x0000026be1677bd0 Unloading class 0x0000026b810cac00 'java/lang/invoke/LambdaForm$MH+0x0000026b810cac00'
Event: 149.643 Thread 0x0000026be1677bd0 Unloading class 0x0000026b810ca000 'java/lang/invoke/LambdaForm$MH+0x0000026b810ca000'
Event: 149.643 Thread 0x0000026be1677bd0 Unloading class 0x0000026b810c9c00 'java/lang/invoke/LambdaForm$MH+0x0000026b810c9c00'
Event: 149.643 Thread 0x0000026be1677bd0 Unloading class 0x0000026b810c9800 'java/lang/invoke/LambdaForm$MH+0x0000026b810c9800'
Event: 149.643 Thread 0x0000026be1677bd0 Unloading class 0x0000026b810c9000 'java/lang/invoke/LambdaForm$MH+0x0000026b810c9000'
Event: 149.643 Thread 0x0000026be1677bd0 Unloading class 0x0000026b810c8800 'java/lang/invoke/LambdaForm$MH+0x0000026b810c8800'
Event: 149.643 Thread 0x0000026be1677bd0 Unloading class 0x0000026b8100b800 'java/lang/invoke/LambdaForm$MH+0x0000026b8100b800'
Event: 149.643 Thread 0x0000026be1677bd0 Unloading class 0x0000026b8100a800 'java/lang/invoke/LambdaForm$MH+0x0000026b8100a800'
Event: 149.643 Thread 0x0000026be1677bd0 Unloading class 0x0000026b8100a400 'java/lang/invoke/LambdaForm$MH+0x0000026b8100a400'
Event: 149.643 Thread 0x0000026be1677bd0 Unloading class 0x0000026b81009c00 'java/lang/invoke/LambdaForm$MH+0x0000026b81009c00'
Event: 149.643 Thread 0x0000026be1677bd0 Unloading class 0x0000026b81009000 'java/lang/invoke/LambdaForm$MH+0x0000026b81009000'
Event: 149.643 Thread 0x0000026be1677bd0 Unloading class 0x0000026b81007400 'java/lang/invoke/LambdaForm$MH+0x0000026b81007400'
Event: 149.643 Thread 0x0000026be1677bd0 Unloading class 0x0000026b81006c00 'java/lang/invoke/LambdaForm$MH+0x0000026b81006c00'
Event: 149.643 Thread 0x0000026be1677bd0 Unloading class 0x0000026b81006400 'java/lang/invoke/LambdaForm$MH+0x0000026b81006400'
Event: 149.643 Thread 0x0000026be1677bd0 Unloading class 0x0000026b81005c00 'java/lang/invoke/LambdaForm$MH+0x0000026b81005c00'
Event: 149.643 Thread 0x0000026be1677bd0 Unloading class 0x0000026b81005400 'java/lang/invoke/LambdaForm$MH+0x0000026b81005400'
Event: 432.857 Thread 0x0000026be1677bd0 Unloading class 0x0000026b8144c800 'org/apache/catalina/loader/JdbcLeakPrevention'

Classes redefined (15 events):
Event: 77.157 Thread 0x0000026be1677bd0 redefined class name=com.spring.license_life.College, count=1
Event: 87.389 Thread 0x0000026be1677bd0 redefined class name=com.spring.license_life.Department, count=1
Event: 87.389 Thread 0x0000026be1677bd0 redefined class name=com.spring.license_life.Department, count=1
Event: 148.125 Thread 0x0000026be1677bd0 redefined class name=com.spring.license_life.controller.DepartmentController, count=1
Event: 148.125 Thread 0x0000026be1677bd0 redefined class name=com.spring.license_life.controller.DepartmentController, count=1
Event: 148.125 Thread 0x0000026be1677bd0 redefined class name=com.spring.license_life.controller.DepartmentController, count=1
Event: 431.919 Thread 0x0000026be1677bd0 redefined class name=com.spring.license_life.controller.DepartmentController, count=2
Event: 431.919 Thread 0x0000026be1677bd0 redefined class name=com.spring.license_life.controller.DepartmentController, count=2
Event: 431.919 Thread 0x0000026be1677bd0 redefined class name=com.spring.license_life.controller.DepartmentController, count=2
Event: 431.919 Thread 0x0000026be1677bd0 redefined class name=com.spring.license_life.controller.DepartmentController, count=1
Event: 530.273 Thread 0x0000026be1677bd0 redefined class name=com.spring.license_life.controller.DepartmentController, count=3
Event: 530.273 Thread 0x0000026be1677bd0 redefined class name=com.spring.license_life.controller.DepartmentController, count=3
Event: 530.273 Thread 0x0000026be1677bd0 redefined class name=com.spring.license_life.controller.DepartmentController, count=3
Event: 530.273 Thread 0x0000026be1677bd0 redefined class name=com.spring.license_life.controller.DepartmentController, count=2
Event: 530.273 Thread 0x0000026be1677bd0 redefined class name=com.spring.license_life.controller.DepartmentController, count=1

Internal exceptions (20 events):
Event: 150.770 Thread 0x0000026be83b39a0 Exception <a 'java/lang/NoClassDefFoundError'{0x000000070a5324f8}: org/quartz/Scheduler> (0x000000070a5324f8) 
thrown [s\open\src\hotspot\share\oops\constantPool.cpp, line 871]
Event: 150.772 Thread 0x0000026be83b39a0 Exception <a 'java/lang/NoClassDefFoundError'{0x000000070a532b78}: org/springframework/session/jdbc/JdbcIndexedSessionRepository> (0x000000070a532b78) 
thrown [s\open\src\hotspot\share\oops\constantPool.cpp, line 871]
Event: 150.776 Thread 0x0000026be83b39a0 Exception <a 'java/lang/NoClassDefFoundError'{0x000000070a57c9a0}: org/jooq/DSLContext> (0x000000070a57c9a0) 
thrown [s\open\src\hotspot\share\oops\constantPool.cpp, line 871]
Event: 150.826 Thread 0x0000026be83b39a0 Exception <a 'java/io/FileNotFoundException'{0x0000000709c76ad8}> (0x0000000709c76ad8) 
thrown [s\open\src\hotspot\share\prims\jni.cpp, line 520]
Event: 150.826 Thread 0x0000026be83b39a0 Exception <a 'java/io/FileNotFoundException'{0x0000000709c77f20}> (0x0000000709c77f20) 
thrown [s\open\src\hotspot\share\prims\jni.cpp, line 520]
Event: 150.846 Thread 0x0000026be83b39a0 Exception <a 'java/io/FileNotFoundException'{0x0000000709a48a78}> (0x0000000709a48a78) 
thrown [s\open\src\hotspot\share\prims\jni.cpp, line 520]
Event: 432.834 Thread 0x0000026be6fa4140 Exception <a 'java/io/IOException'{0x000000070aa50118}> (0x000000070aa50118) 
thrown [s\open\src\hotspot\share\prims\jni.cpp, line 520]
Event: 432.834 Thread 0x0000026be6fa4140 Exception <a 'java/io/IOException'{0x000000070aa50fe0}> (0x000000070aa50fe0) 
thrown [s\open\src\hotspot\share\prims\jni.cpp, line 520]
Event: 432.837 Thread 0x0000026be6fa4140 Exception <a 'java/io/IOException'{0x000000070aa56588}> (0x000000070aa56588) 
thrown [s\open\src\hotspot\share\prims\jni.cpp, line 520]
Event: 432.844 Thread 0x0000026be83b4d50 Exception <a 'java/lang/InterruptedException'{0x000000070aa82fb0}: sleep interrupted> (0x000000070aa82fb0) 
thrown [s\open\src\hotspot\share\prims\jvm.cpp, line 3074]
Event: 432.896 Thread 0x0000026be6fa3420 Exception <a 'sun/nio/fs/WindowsException'{0x000000070ba95f88}> (0x000000070ba95f88) 
thrown [s\open\src\hotspot\share\prims\jni.cpp, line 520]
Event: 433.215 Thread 0x0000026be6fa3420 Exception <a 'java/lang/NoClassDefFoundError'{0x000000070a51c258}: org/flywaydb/core/Flyway> (0x000000070a51c258) 
thrown [s\open\src\hotspot\share\oops\constantPool.cpp, line 871]
Event: 433.216 Thread 0x0000026be6fa3420 Exception <a 'java/lang/NoClassDefFoundError'{0x000000070a51c8b8}: liquibase/integration/spring/SpringLiquibase> (0x000000070a51c8b8) 
thrown [s\open\src\hotspot\share\oops\constantPool.cpp, line 871]
Event: 433.219 Thread 0x0000026be6fa3420 Exception <a 'java/lang/NoClassDefFoundError'{0x000000070a5367d0}: org/springframework/batch/core/repository/JobRepository> (0x000000070a5367d0) 
thrown [s\open\src\hotspot\share\oops\constantPool.cpp, line 871]
Event: 433.220 Thread 0x0000026be6fa3420 Exception <a 'java/lang/NoClassDefFoundError'{0x000000070a536e28}: org/quartz/Scheduler> (0x000000070a536e28) 
thrown [s\open\src\hotspot\share\oops\constantPool.cpp, line 871]
Event: 433.220 Thread 0x0000026be6fa3420 Exception <a 'java/lang/NoClassDefFoundError'{0x000000070a5374a8}: org/springframework/session/jdbc/JdbcIndexedSessionRepository> (0x000000070a5374a8) 
thrown [s\open\src\hotspot\share\oops\constantPool.cpp, line 871]
Event: 433.223 Thread 0x0000026be6fa3420 Exception <a 'java/lang/NoClassDefFoundError'{0x000000070a5807c0}: org/jooq/DSLContext> (0x000000070a5807c0) 
thrown [s\open\src\hotspot\share\oops\constantPool.cpp, line 871]
Event: 433.277 Thread 0x0000026be6fa3420 Exception <a 'java/io/FileNotFoundException'{0x0000000709c73948}> (0x0000000709c73948) 
thrown [s\open\src\hotspot\share\prims\jni.cpp, line 520]
Event: 433.277 Thread 0x0000026be6fa3420 Exception <a 'java/io/FileNotFoundException'{0x0000000709c74d90}> (0x0000000709c74d90) 
thrown [s\open\src\hotspot\share\prims\jni.cpp, line 520]
Event: 433.294 Thread 0x0000026be6fa3420 Exception <a 'java/io/FileNotFoundException'{0x0000000709a459b0}> (0x0000000709a459b0) 
thrown [s\open\src\hotspot\share\prims\jni.cpp, line 520]

ZGC Phase Switch (0 events):
No events

VM Operations (20 events):
Event: 448.380 Executing VM operation: get/set locals
Event: 448.380 Executing VM operation: get/set locals done
Event: 448.381 Executing VM operation: get/set locals
Event: 448.381 Executing VM operation: get/set locals done
Event: 448.382 Executing VM operation: get/set locals
Event: 448.383 Executing VM operation: get/set locals done
Event: 448.385 Executing VM operation: get/set locals
Event: 448.385 Executing VM operation: get/set locals done
Event: 480.932 Executing VM operation: HandshakeAllThreads (HandshakeForDeflation)
Event: 480.932 Executing VM operation: HandshakeAllThreads (HandshakeForDeflation) done
Event: 480.932 Executing VM operation: RendezvousGCThreads
Event: 480.932 Executing VM operation: RendezvousGCThreads done
Event: 530.241 Executing VM operation: ChangeSingleStep
Event: 530.241 Executing VM operation: ChangeSingleStep done
Event: 530.249 Executing VM operation: ChangeSingleStep
Event: 530.249 Executing VM operation: ChangeSingleStep done
Event: 530.268 Executing VM operation: RedefineClasses
Event: 530.287 Executing VM operation: RedefineClasses done
Event: 530.289 Executing VM operation: ChangeSingleStep
Event: 530.289 Executing VM operation: ChangeSingleStep done

Events (20 events):
Event: 433.602 Thread 0x0000026be9930050 Thread added: 0x0000026be9930050
Event: 433.602 Thread 0x0000026be9931a90 Thread added: 0x0000026be9931a90
Event: 433.605 Thread 0x0000026be9935c30 Thread added: 0x0000026be9935c30
Event: 433.605 Thread 0x0000026be99362c0 Thread added: 0x0000026be99362c0
Event: 433.609 Thread 0x0000026be99306e0 Thread added: 0x0000026be99306e0
Event: 433.610 Thread 0x0000026be6fa3420 Thread exited: 0x0000026be6fa3420
Event: 433.610 Thread 0x0000026be6fa2d90 Thread exited: 0x0000026be6fa2d90
Event: 433.611 Thread 0x0000026be9936950 Thread added: 0x0000026be9936950
Event: 433.611 Thread 0x0000026be9936fe0 Thread added: 0x0000026be9936fe0
Event: 433.615 Thread 0x0000026be9937670 Thread added: 0x0000026be9937670
Event: 433.616 Thread 0x0000026be83b4d50 Thread added: 0x0000026be83b4d50
Event: 433.618 Thread 0x0000026be83b4d50 Thread exited: 0x0000026be83b4d50
Event: 434.642 Thread 0x0000026be9936fe0 Thread exited: 0x0000026be9936fe0
Event: 438.741 Thread 0x0000026be6fa4140 Thread exited: 0x0000026be6fa4140
Event: 438.929 Thread 0x0000026be6103850 Thread exited: 0x0000026be6103850
Event: 439.566 Thread 0x0000026be6101640 Thread exited: 0x0000026be6101640
Event: 444.576 Thread 0x0000026be6103f20 Thread exited: 0x0000026be6103f20
Event: 511.193 Thread 0x0000026be99334d0 Thread exited: 0x0000026be99334d0
Event: 511.194 Thread 0x0000026be9937670 Thread exited: 0x0000026be9937670
Event: 523.615 Thread 0x0000026be9936950 Thread exited: 0x0000026be9936950


Dynamic libraries:
0x00007ff6797f0000 - 0x00007ff679800000 	C:\Program Files\Java\jdk-21\bin\javaw.exe
0x00007ffe64230000 - 0x00007ffe64447000 	C:\WINDOWS\SYSTEM32\ntdll.dll
0x00007ffe62b50000 - 0x00007ffe62c14000 	C:\WINDOWS\System32\KERNEL32.DLL
0x00007ffe61880000 - 0x00007ffe61c26000 	C:\WINDOWS\System32\KERNELBASE.dll
0x00007ffe61730000 - 0x00007ffe61841000 	C:\WINDOWS\System32\ucrtbase.dll
0x00007ffe50a70000 - 0x00007ffe50a89000 	C:\Program Files\Java\jdk-21\bin\jli.dll
0x00007ffe50a50000 - 0x00007ffe50a6b000 	C:\Program Files\Java\jdk-21\bin\VCRUNTIME140.dll
0x00007ffe63cb0000 - 0x00007ffe63d63000 	C:\WINDOWS\System32\ADVAPI32.dll
0x00007ffe63a00000 - 0x00007ffe63aa7000 	C:\WINDOWS\System32\msvcrt.dll
0x00007ffe636e0000 - 0x00007ffe63788000 	C:\WINDOWS\System32\sechost.dll
0x00007ffe61570000 - 0x00007ffe61598000 	C:\WINDOWS\System32\bcrypt.dll
0x00007ffe622d0000 - 0x00007ffe623e7000 	C:\WINDOWS\System32\RPCRT4.dll
0x00007ffe62930000 - 0x00007ffe62ade000 	C:\WINDOWS\System32\USER32.dll
0x00007ffe61850000 - 0x00007ffe61876000 	C:\WINDOWS\System32\win32u.dll
0x00007ffe62190000 - 0x00007ffe621b9000 	C:\WINDOWS\System32\GDI32.dll
0x00007ffe61610000 - 0x00007ffe61728000 	C:\WINDOWS\System32\gdi32full.dll
0x00007ffe61c30000 - 0x00007ffe61cca000 	C:\WINDOWS\System32\msvcp_win.dll
0x00007ffe4fe60000 - 0x00007ffe500f3000 	C:\WINDOWS\WinSxS\amd64_microsoft.windows.common-controls_6595b64144ccf1df_6.0.22621.2506_none_270c5ae97388e100\COMCTL32.dll
0x00007ffe4f090000 - 0x00007ffe4f09a000 	C:\WINDOWS\SYSTEM32\VERSION.dll
0x00007ffe63ab0000 - 0x00007ffe63ae1000 	C:\WINDOWS\System32\IMM32.DLL
0x00007ffe5e490000 - 0x00007ffe5e49c000 	C:\Program Files\Java\jdk-21\bin\vcruntime140_1.dll
0x00007ffe23620000 - 0x00007ffe236ae000 	C:\Program Files\Java\jdk-21\bin\msvcp140.dll
0x00007ffdae000000 - 0x00007ffdaed15000 	C:\Program Files\Java\jdk-21\bin\server\jvm.dll
0x00007ffe638f0000 - 0x00007ffe63961000 	C:\WINDOWS\System32\WS2_32.dll
0x00007ffe60dd0000 - 0x00007ffe60e1d000 	C:\WINDOWS\SYSTEM32\POWRPROF.dll
0x00007ffe519c0000 - 0x00007ffe519f4000 	C:\WINDOWS\SYSTEM32\WINMM.dll
0x00007ffe60db0000 - 0x00007ffe60dc3000 	C:\WINDOWS\SYSTEM32\UMPDC.dll
0x00007ffe60580000 - 0x00007ffe60598000 	C:\WINDOWS\SYSTEM32\kernel.appcore.dll
0x00007ffe5e230000 - 0x00007ffe5e23a000 	C:\Program Files\Java\jdk-21\bin\jimage.dll
0x00007ffe5ed90000 - 0x00007ffe5efc3000 	C:\WINDOWS\SYSTEM32\DBGHELP.DLL
0x00007ffe623f0000 - 0x00007ffe62779000 	C:\WINDOWS\System32\combase.dll
0x00007ffe62780000 - 0x00007ffe62857000 	C:\WINDOWS\System32\OLEAUT32.dll
0x00007ffe4df00000 - 0x00007ffe4df32000 	C:\WINDOWS\SYSTEM32\dbgcore.DLL
0x00007ffe61e40000 - 0x00007ffe61eba000 	C:\WINDOWS\System32\bcryptPrimitives.dll
0x00007ffe502f0000 - 0x00007ffe5032c000 	C:\Program Files\Java\jdk-21\bin\jdwp.dll
0x00007ffe51290000 - 0x00007ffe5129f000 	C:\Program Files\Java\jdk-21\bin\instrument.dll
0x00007ffe502d0000 - 0x00007ffe502ef000 	C:\Program Files\Java\jdk-21\bin\java.dll
0x00007ffe62ca0000 - 0x00007ffe634fb000 	C:\WINDOWS\System32\SHELL32.dll
0x00007ffe5f480000 - 0x00007ffe5fd76000 	C:\WINDOWS\SYSTEM32\windows.storage.dll
0x00007ffe5f340000 - 0x00007ffe5f47e000 	C:\WINDOWS\SYSTEM32\wintypes.dll
0x00007ffe62090000 - 0x00007ffe62183000 	C:\WINDOWS\System32\SHCORE.dll
0x00007ffe62030000 - 0x00007ffe6208e000 	C:\WINDOWS\System32\shlwapi.dll
0x00007ffe614a0000 - 0x00007ffe614c6000 	C:\WINDOWS\SYSTEM32\profapi.dll
0x00007ffe50ba0000 - 0x00007ffe50bac000 	C:\Program Files\Java\jdk-21\bin\dt_socket.dll
0x00007ffe5ffe0000 - 0x00007ffe6000d000 	C:\WINDOWS\SYSTEM32\IPHLPAPI.DLL
0x00007ffe60a70000 - 0x00007ffe60ad9000 	C:\WINDOWS\system32\mswsock.dll
0x00007ffe60050000 - 0x00007ffe60149000 	C:\WINDOWS\SYSTEM32\DNSAPI.dll
0x00007ffe62910000 - 0x00007ffe62919000 	C:\WINDOWS\System32\NSI.dll
0x00007ffe58870000 - 0x00007ffe5887a000 	C:\Windows\System32\rasadhlp.dll
0x00007ffe51bf0000 - 0x00007ffe51c73000 	C:\WINDOWS\System32\fwpuclnt.dll
0x00007ffe4f7c0000 - 0x00007ffe4f7d8000 	C:\Program Files\Java\jdk-21\bin\zip.dll
0x00007ffe50b40000 - 0x00007ffe50b50000 	C:\Program Files\Java\jdk-21\bin\net.dll
0x00007ffe59080000 - 0x00007ffe591b7000 	C:\WINDOWS\SYSTEM32\WINHTTP.dll
0x00007ffe4dee0000 - 0x00007ffe4def6000 	C:\Program Files\Java\jdk-21\bin\nio.dll
0x00007ffe502c0000 - 0x00007ffe502ca000 	C:\Program Files\Java\jdk-21\bin\management.dll
0x00007ffe50260000 - 0x00007ffe5026b000 	C:\Program Files\Java\jdk-21\bin\management_ext.dll
0x00007ffe62ae0000 - 0x00007ffe62ae8000 	C:\WINDOWS\System32\PSAPI.DLL
0x00007ffe354f0000 - 0x00007ffe35507000 	C:\WINDOWS\system32\napinsp.dll
0x00007ffe354d0000 - 0x00007ffe354eb000 	C:\WINDOWS\system32\pnrpnsp.dll
0x00007ffe354b0000 - 0x00007ffe354c1000 	C:\WINDOWS\System32\winrnr.dll
0x00007ffe51690000 - 0x00007ffe516a5000 	C:\WINDOWS\system32\wshbth.dll
0x00007ffe35480000 - 0x00007ffe354a1000 	C:\WINDOWS\system32\nlansp_c.dll
0x00007ffe60cf0000 - 0x00007ffe60d0b000 	C:\WINDOWS\SYSTEM32\CRYPTSP.dll
0x00007ffe604e0000 - 0x00007ffe60515000 	C:\WINDOWS\system32\rsaenh.dll
0x00007ffe60b90000 - 0x00007ffe60bbc000 	C:\WINDOWS\SYSTEM32\USERENV.dll
0x00007ffe60d10000 - 0x00007ffe60d1c000 	C:\WINDOWS\SYSTEM32\CRYPTBASE.dll
0x00007ffe4f7b0000 - 0x00007ffe4f7b7000 	C:\Program Files\Java\jdk-21\bin\extnet.dll
0x00007ffe4ded0000 - 0x00007ffe4dee0000 	C:\Program Files\Java\jdk-21\bin\verify.dll
0x00007ffe4dec0000 - 0x00007ffe4dece000 	C:\Program Files\Java\jdk-21\bin\sunmscapi.dll
0x00007ffe61cd0000 - 0x00007ffe61e36000 	C:\WINDOWS\System32\CRYPT32.dll
0x00007ffe60f10000 - 0x00007ffe60f3e000 	C:\WINDOWS\SYSTEM32\ncrypt.dll
0x00007ffe60ed0000 - 0x00007ffe60f07000 	C:\WINDOWS\SYSTEM32\NTASN1.dll
0x00007ffe50250000 - 0x00007ffe50258000 	C:\WINDOWS\system32\wshunix.dll

dbghelp: loaded successfully - version: 4.0.5 - missing functions: none
symbol engine: initialized successfully - sym options: 0x614 - pdb path: .;C:\Program Files\Java\jdk-21\bin;C:\WINDOWS\SYSTEM32;C:\WINDOWS\WinSxS\amd64_microsoft.windows.common-controls_6595b64144ccf1df_6.0.22621.2506_none_270c5ae97388e100;C:\Program Files\Java\jdk-21\bin\server

VM Arguments:
jvm_args: -XX:+ShowCodeDetailsInExceptionMessages -agentlib:jdwp=transport=dt_socket,suspend=y,address=localhost:64564 -Dcom.sun.management.jmxremote -Dcom.sun.management.jmxremote.port=64563 -Dcom.sun.management.jmxremote.authenticate=false -Dcom.sun.management.jmxremote.ssl=false -Djava.rmi.server.hostname=localhost -Dspring.jmx.enabled=true -Dmanagement.endpoints.jmx.exposure.include=* -Dspring.application.admin.enabled=true -XX:TieredStopAtLevel=1 -Dspring.boot.project.name=demo-2 -javaagent:C:\Users\user\Downloads\sts-4.20.1.RELEASE\configuration\org.eclipse.osgi\262\0\.cp\lib\javaagent-shaded.jar -Dfile.encoding=UTF-8 -Dstdout.encoding=UTF-8 -Dstderr.encoding=UTF-8 
java_command: com.spring.license_life.Demo2Application --spring.output.ansi.enabled=always
java_class_path (initial): C:\Users\user\Documents\portfolio_projects\demo-2\bin\main;C:\Users\user\Documents\portfolio_projects\demo-2\bin\default;C:\Users\user\.gradle\caches\modules-2\files-2.1\org.projectlombok\lombok\1.18.30\f195ee86e6c896ea47a1d39defbe20eb59cd149d\lombok-1.18.30.jar;C:\Users\user\.gradle\caches\modules-2\files-2.1\org.springframework.boot\spring-boot-starter-thymeleaf\3.2.2\d1895c9a600547d53dddfff7c57ab7838df5d65\spring-boot-starter-thymeleaf-3.2.2.jar;C:\Users\user\.gradle\caches\modules-2\files-2.1\org.springframework.boot\spring-boot-starter-web\3.2.2\b89d213d9f49c3e6247b2503ac7d94b0ac8260f6\spring-boot-starter-web-3.2.2.jar;C:\Users\user\.gradle\caches\modules-2\files-2.1\org.springframework.boot\spring-boot-starter-data-jpa\3.0.2\fc0dbe82effb33d3d89b4cf2ec6b7968ad2af558\spring-boot-starter-data-jpa-3.0.2.jar;C:\Users\user\.gradle\caches\modules-2\files-2.1\org.springframework.boot\spring-boot-starter-json\3.2.2\328f5ce9e10d5f90520e72a3ff8a2586b9e46b37\spring-boot-starter-json-3.2.2.jar;C:\Users\user\.gradle\caches\modules-2\files-2.1\org.springframework.boot\spring-boot-starter-aop\3.2.2\f01ecef0ce5f8d5631890a0c456a88a72323b569\spring-boot-starter-aop-3.2.2.jar;C:\Users\user\.gradle\caches\modules-2\files-2.1\org.springframework.boot\spring-boot-starter-jdbc\3.2.2\22ffda6938dca5f584c8b1b64e4e9096e8302c1e\spring-boot-starter-jdbc-3.2.2.jar;C:\Users\user\.gradle\caches\modules-2\files-2.1\org.springframework.boot\spring-boot-starter\3.2.2\dc04714f9295297f92fa8099eb51edc54dbe67db\spring-boot-starter-3.2.2.jar;C:\Users\user\.gradle\caches\modules-2\files-2.1\org.thymeleaf\thymeleaf-spring6\3.1.2.RELEASE\6030c7b4e260c41336f378e53da6e8531263f24b\thymeleaf-spring6-3.1.2.RELEASE.jar;C:\Users\user\.gradle\caches\modules-2\files-2.1\org.springframework.boot\spring-boot-starter-tomcat\3.2.2\e22a0ba37910731b382f3fe47ad36aed20fad24d\spring-boot-starter-tomcat-3.2.2.jar;C:\Users\user\.gradle\caches\modules-2\files-2.1\org.springframework\spring-webmvc\6.1.3\f4738a57787add6567e0679eebb1b499a11019cc\spring-webmvc-6.1.3.jar;C:\Users\user\.gradle\caches\modules-2\files-2.1\org.springframework\spring-web\6.1.3\cc3459b4abd436331608ddb6424886875f7086ab\spring-web-6.1.3.jar;C:\Users\user\.gradle\caches\modules-2\files-2.1\org.hibernate.orm\hibernate-core\6.4.1.Final\3dcefddf6609e6491d37208bcc0cab1273598cbd\hibernate-core-6.4.1.Final.jar;C:\Users\user\.gradle\caches\modules-2\files-2.1\org.springframework.data\spring-data-jpa\3.2.2\f91a3896c2a6139ac1da1fd8ff4350ca4b0e409e\spring-data-jpa-3.2.2.jar;C:\Users\user\.gradle\caches\modules-2\files-2.1\org.springframework\spring-aspects\6.1.3\c8b5dde3568dc5df6109916d8ad4866efe4e61fd\spring-aspects-6.1.3.jar;C:\Users\user\.gradle\caches\modules-2\files-2.1\org.springframework.boot\spring-boot-autoconfigure\3.2.2\5c407409f8d260a4bc6e173d16fc3b36e6adec21\spring-boot-autoconfigure-3.2.2.jar;C:\Users\user\.gradle\caches\modules-2\files-2.1\org.springframework.boot\spring-boot\3.2.2\9f274d1bd822c4c57bb5b37ecae2380b980f567\spring-boot-3.2.2.jar;C:\Users\user\.gradle\caches\modules-2\files-2.1\org.springframework.boot\spring-boot-starter-logging\3.2.2\3347c3b1cec6cf2d5fa186d1e49d2f378a6b7cae\spring-boot-starter-logging-3.2.2.jar;C:\Users\user\.gradle\caches\modules-2\files-2.1\jakarta.annotation\jakarta.annotation-api\2.1.1\48b9bda22b091b1f48b13af03fe36db3be6e1ae3\jakarta.annotation-api-2.1.1.jar;C:\Users\user\.gradle\caches\modules-2\files-2.1\org.springframework\spring-context\6.1.3\c63f038933701058fd7578460c66dbe2d424915\spring-context-6.1.3.jar;C:\Users\user\.gradle\caches\modules-2\files-2.1\org.springframework\spring-aop\6.1.3\4d9bd4bd9b8bedf9ef151b45c79766b336117b9a\spring-aop-6.1.3.jar;C:\Users\user\.gradle\caches\modules-2\files-2.1\org.springframework\spring-orm\6.1.3\98572e26c6d011c9710545085358a4e35e27649\spring-orm-6.1.3.jar;C:\Users\user\.gradle\caches\modules-2\files-2.1\org.springframework\spring-jdbc\6.1.3\be4b30cc956b26f13e04ccadc2b0575038c531bb\spring-jdbc-6.1.3.jar;C:\Users\user\.gradle\caches\modules-2\files-2.1\org.springframework.data\spring-data-commons\3.2.2\9b0b0f5f5bc793463a81171d6889809abc14b19b\spring-data-commons-3.2.2.jar;C:\Users\user\.gradle\caches\modules-2\files-2.1\org.springframework\spring-tx\6.1.3\7750337bf46a2ff248685915c7cc88d3bef2f666\spring-tx-6.1.3.jar;C:\Users\user\.gradle\caches\modules-2\files-2.1\org.springframework\spring-beans\6.1.3\c2df4210e796d3a27efc1f22621aa4e2c6cd985f\spring-beans-6.1.3.jar;C:\Users\user\.gradle\caches\modules-2\files-2.1\org.springframework\spring-expression\6.1.3\7c35fc3d7525a024fdde8a5d7597a6a8a4e59d7\spring-expression-6.1.3.jar;C:\Users\user\.gradle\caches\modules-2\files-2.1\org.springframework\spring-core\6.1.3\a002e96e780954cc3ac4cd70fd3bb16accdc47ed\spring-core-6.1.3.jar;C:\Users\user\.gradle\caches\modules-2\files-2.1\org.yaml\snakeyaml\2.2\3af797a25458550a16bf89acc8e4ab2b7f2bfce0\snakeyaml-2.2.jar;C:\Users\user\.gradle\caches\modules-2\files-2.1\org.thymeleaf\thymeleaf\3.1.2.RELEASE\273997509a4c7aef86cee0521750140c587d9be2\thymeleaf-3.1.2.RELEASE.jar;C:\Users\user\.gradle\caches\modules-2\files-2.1\com.zaxxer\HikariCP\5.0.1\a74c7f0a37046846e88d54f7cb6ea6d565c65f9c\HikariCP-5.0.1.jar;C:\Users\user\.gradle\caches\modules-2\files-2.1\ch.qos.logback\logback-classic\1.4.14\d98bc162275134cdf1518774da4a2a17ef6fb94d\logback-classic-1.4.14.jar;C:\Users\user\.gradle\caches\modules-2\files-2.1\org.apache.logging.log4j\log4j-to-slf4j\2.21.1\d77b2ba81711ed596cd797cc2b5b5bd7409d841c\log4j-to-slf4j-2.21.1.jar;C:\Users\user\.gradle\caches\modules-2\files-2.1\org.slf4j\jul-to-slf4j\2.0.11\279356f8e873b1a26badd8bbb3284b5c3b22c770\jul-to-slf4j-2.0.11.jar;C:\Users\user\.gradle\caches\modules-2\files-2.1\org.slf4j\slf4j-api\2.0.11\ad96c3f8cf895e696dd35c2bc8e8ebe710be9e6d\slf4j-api-2.0.11.jar;C:\Users\user\.gradle\caches\modules-2\files-2.1\com.fasterxml.jackson.datatype\jackson-datatype-jsr310\2.15.3\4a20a0e104931bfa72f24ef358c2eb63f1ef2aaf\jackson-datatype-jsr310-2.15.3.jar;C:\Users\user\.gradle\caches\modules-2\files-2.1\com.fasterxml.jackson.module\jackson-module-parameter-names\2.15.3\8d251b90c5358677e7d8161e0c2488e6f84f49da\jackson-module-parameter-names-2.15.3.jar;C:\Users\user\.gradle\caches\modules-2\files-2.1\com.fasterxml.jackson.core\jackson-annotations\2.15.3\79baf4e605eb3bbb60b1c475d44a7aecceea1d60\jackson-annotations-2.15.3.jar;C:\Users\user\.gradle\caches\modules-2\files-2.1\com.fasterxml.jackson.core\jackson-core\2.15.3\60d600567c1862840397bf9ff5a92398edc5797b\jackson-core-2.15.3.jar;C:\Users\user\.gradle\caches\modules-2\files-2.1\com.fasterxml.jackson.datatype\jackson-datatype-jdk8\2.15.3\80158cb020c7bd4e4ba94d8d752a65729dc943b2\jackson-datatype-jdk8-2.15.3.jar;C:\Users\user\.gradle\caches\modules-2\files-2.1\com.fasterxml.jackson.core\jackson-databind\2.15.3\a734bc2c47a9453c4efa772461a3aeb273c010d9\jackson-databind-2.15.3.jar;C:\Users\user\.gradle\caches\modules-2\files-2.1\org.apache.tomcat.embed\tomcat-embed-websocket\10.1.18\83a3bc6898f2ceed2357ba231a5e83dc2016d454\tomcat-embed-websocket-10.1.18.jar;C:\Users\user\.gradle\caches\modules-2\files-2.1\org.apache.tomcat.embed\tomcat-embed-core\10.1.18\bff6c34649d1dd7b509e819794d73ba795947dcf\tomcat-embed-core-10.1.18.jar;C:\Users\user\.gradle\caches\modules-2\files-2.1\org.apache.tomcat.embed\tomcat-embed-el\10.1.18\b2c4dc05abd363c63b245523bb071727aa2f1046\tomcat-embed-el-10.1.18.jar;C:\Users\user\.gradle\caches\modules-2\files-2.1\io.micrometer\micrometer-observation\1.12.2\e082b05a2527fc24ea6fbe4c4b7ae34653aace81\micrometer-observation-1.12.2.jar;C:\Users\user\.gradle\caches\modules-2\files-2.1\org.aspectj\aspectjweaver\1.9.21\beaabaea95c7f3330f415c72ee0ffe79b51d172f\aspectjweaver-1.9.21.jar;C:\Users\user\.gradle\caches\modules-2\files-2.1\jakarta.persistence\jakarta.persistence-api\3.1.0\66901fa1c373c6aff65c13791cc11da72060a8d6\jakarta.persistence-api-3.1.0.jar;C:\Users\user\.gradle\caches\modules-2\files-2.1\jakarta.transaction\jakarta.transaction-api\2.0.1\51a520e3fae406abb84e2e1148e6746ce3f80a1a\jakarta.transaction-api-2.0.1.jar;C:\Users\user\.gradle\caches\modules-2\files-2.1\org.antlr\antlr4-runtime\4.13.0\5a02e48521624faaf5ff4d99afc88b01686af655\antlr4-runtime-4.13.0.jar;C:\Users\user\.gradle\caches\modules-2\files-2.1\org.springframework\spring-jcl\6.1.3\a715e091ee86243ee94534a03f3c26b4e48de31e\spring-jcl-6.1.3.jar;C:\Users\user\.gradle\caches\modules-2\files-2.1\org.attoparser\attoparser\2.0.7.RELEASE\e5d0e988d9124139d645bb5872b24dfa23e283cc\attoparser-2.0.7.RELEASE.jar;C:\Users\user\.gradle\caches\modules-2\files-2.1\org.unbescape\unbescape\1.1.6.RELEASE\7b90360afb2b860e09e8347112800d12c12b2a13\unbescape-1.1.6.RELEASE.jar;C:\Users\user\.gradle\caches\modules-2\files-2.1\io.micrometer\micrometer-commons\1.12.2\b44127d8ec7b3ef11a01912d1e6474e1167f3929\micrometer-commons-1.12.2.jar;C:\Users\user\.gradle\caches\modules-2\files-2.1\ch.qos.logback\logback-core\1.4.14\4d3c2248219ac0effeb380ed4c5280a80bf395e8\logback-core-1.4.14.jar;C:\Users\user\.gradle\caches\modules-2\files-2.1\org.apache.logging.log4j\log4j-api\2.21.1\74c65e87b9ce1694a01524e192d7be989ba70486\log4j-api-2.21.1.jar;C:\Users\user\.gradle\caches\modules-2\files-2.1\org.springframework.boot\spring-boot-devtools\3.2.2\5d4ce10e0c8d4a6cc040a1836280f379893a8213\spring-boot-devtools-3.2.2.jar;C:\Users\user\.gradle\caches\modules-2\files-2.1\com.microsoft.sqlserver\mssql-jdbc\12.4.2.jre11\d10ac00de02a1a682da0bea13aee20f49e756ef8\mssql-jdbc-12.4.2.jre11.jar;C:\Users\user\.gradle\caches\modules-2\files-2.1\com.mysql\mysql-connector-j\8.3.0\1cc7fa5d61f4bbc113531a4ba6d85d41cf3d57e1\mysql-connector-j-8.3.0.jar;C:\Users\user\.gradle\caches\modules-2\files-2.1\org.jboss.logging\jboss-logging\3.5.3.Final\c88fc1d8a96d4c3491f55d4317458ccad53ca663\jboss-logging-3.5.3.Final.jar;C:\Users\user\.gradle\caches\modules-2\files-2.1\org.hibernate.common\hibernate-commons-annotations\6.0.6.Final\77a5f94b56d49508e0ee334751db5b78e5ccd50c\hibernate-commons-annotations-6.0.6.Final.jar;C:\Users\user\.gradle\caches\modules-2\files-2.1\io.smallrye\jandex\3.1.2\a6c1c89925c7df06242b03dddb353116ceb9584c\jandex-3.1.2.jar;C:\Users\user\.gradle\caches\modules-2\files-2.1\com.fasterxml\classmate\1.6.0\91affab6f84a2182fce5dd72a8d01bc14346dddd\classmate-1.6.0.jar;C:\Users\user\.gradle\caches\modules-2\files-2.1\net.bytebuddy\byte-buddy\1.14.11\725602eb7c8c56b51b9c21f273f9df5c909d9e7d\byte-buddy-1.14.11.jar;C:\Users\user\.gradle\caches\modules-2\files-2.1\org.glassfish.jaxb\jaxb-runtime\4.0.4\7180c50ef8bd127bb1dd645458b906cffcf6c2b5\jaxb-runtime-4.0.4.jar;C:\Users\user\.gradle\caches\modules-2\files-2.1\org.glassfish.jaxb\jaxb-core\4.0.4\2d5aadd02af86f1e9d8c6f7e8501673f915d4e25\jaxb-core-4.0.4.jar;C:\Users\user\.gradle\caches\modules-2\files-2.1\jakarta.xml.bind\jakarta.xml.bind-api\4.0.1\ca2330866cbc624c7e5ce982e121db1125d23e15\jakarta.xml.bind-api-4.0.1.jar;C:\Users\user\.gradle\caches\modules-2\files-2.1\jakarta.inject\jakarta.inject-api\2.0.1\4c28afe1991a941d7702fe1362c365f0a8641d1e\jakarta.inject-api-2.0.1.jar;C:\Users\user\.gradle\caches\modules-2\files-2.1\org.eclipse.angus\angus-activation\2.0.1\eaafaf4eb71b400e4136fc3a286f50e34a68ecb7\angus-activation-2.0.1.jar;C:\Users\user\.gradle\caches\modules-2\files-2.1\jakarta.activation\jakarta.activation-api\2.1.2\640c0d5aff45dbff1e1a1bc09673ff3a02b1ba12\jakarta.activation-api-2.1.2.jar;C:\Users\user\.gradle\caches\modules-2\files-2.1\org.glassfish.jaxb\txw2\4.0.4\cfd2bcf08782673ac370694fdf2cf76dbaa607ef\txw2-4.0.4.jar;C:\Users\user\.gradle\caches\modules-2\files-2.1\com.sun.istack\istack-commons-runtime\4.1.2\18ec117c85f3ba0ac65409136afa8e42bc74e739\istack-commons-runtime-4.1.2.jar
Launcher Type: SUN_STANDARD

[Global flags]
     intx CICompilerCount                          = 4                                         {product} {ergonomic}
     uint ConcGCThreads                            = 2                                         {product} {ergonomic}
     uint G1ConcRefinementThreads                  = 8                                         {product} {ergonomic}
   size_t G1HeapRegionSize                         = 2097152                                   {product} {ergonomic}
    uintx GCDrainStackTargetSize                   = 64                                        {product} {ergonomic}
   size_t InitialHeapSize                          = 264241152                                 {product} {ergonomic}
     bool ManagementServer                         = true                                      {product} {command line}
   size_t MarkStackSize                            = 4194304                                   {product} {ergonomic}
   size_t MaxHeapSize                              = 4211081216                                {product} {ergonomic}
   size_t MaxNewSize                               = 2524971008                                {product} {ergonomic}
   size_t MinHeapDeltaBytes                        = 2097152                                   {product} {ergonomic}
   size_t MinHeapSize                              = 8388608                                   {product} {ergonomic}
    uintx NonNMethodCodeHeapSize                   = 4096                                   {pd product} {ergonomic}
    uintx NonProfiledCodeHeapSize                  = 0                                      {pd product} {ergonomic}
     bool ProfileInterpreter                       = false                                  {pd product} {command line}
    uintx ProfiledCodeHeapSize                     = 0                                      {pd product} {ergonomic}
     bool ShowCodeDetailsInExceptionMessages       = true                                   {manageable} {command line}
   size_t SoftMaxHeapSize                          = 4211081216                             {manageable} {ergonomic}
     intx TieredStopAtLevel                        = 1                                         {product} {command line}
     bool UseCompressedOops                        = true                           {product lp64_product} {ergonomic}
     bool UseG1GC                                  = true                                      {product} {ergonomic}
     bool UseLargePagesIndividualAllocation        = false                                  {pd product} {ergonomic}

Logging:
Log output configuration:
 #0: stdout all=warning uptime,level,tags foldmultilines=false
 #1: stderr all=off uptime,level,tags foldmultilines=false

Environment Variables:
JAVA_HOME=C:\Program Files\Java\jdk-21
CLASSPATH=%JAVA_HOME%\lib
PATH=C:/Users/user/Downloads/sts-4.20.1.RELEASE//plugins/org.eclipse.justj.openjdk.hotspot.jre.full.win32.x86_64_17.0.8.v20230831-1047/jre/bin/server;C:/Users/user/Downloads/sts-4.20.1.RELEASE//plugins/org.eclipse.justj.openjdk.hotspot.jre.full.win32.x86_64_17.0.8.v20230831-1047/jre/bin;C:\Program Files\MySQL\MySQL Shell 8.0\bin\;C:\Program Files\MySQL\MySQL Server 8.0\bin\;"C:\Program Files\MySQL\MySQL Shell 8.0\bin;";C:\Users\user\AppData\Local\Programs\Python\Python310\Scripts\;C:\Users\user\AppData\Local\Programs\Python\Python310\;C:\Users\user\AppData\Local\Programs\Python\Launcher\;C:\Users\user\AppData\Local\Microsoft\WindowsApps;C:\Users\user\AppData\Local\Programs\Microsoft VS Code\bin;C:\MinGW\mingw32\bin;C:\Users\user\AppData\Roaming\npm;C:\Users\user\AppData\Local\Android\Sdk\emulator\;C:\Users\user\AppData\Local\Android\Sdk\tools\;C:\Users\user\AppData\Local\Android\Sdk\platform-tools\;C:\Program Files\nodejs;C:\Program Files\Java\jdk-21\bin;C:\Program Files\JetBrains\PyCharm 2023.2.5\bin;;C:\Windows\system32;C:\Windows\System32\WindowsPowerShell\v1.0\;C:\Program Files\7-Zip\;C:\Program Files\Git\usr\bin;C:\Users\user\.gradle\wrapper\dists\gradle-8.0.1-all\aro4hu1c3oeioove7l0i4i14o\gradle-8.0.1\bin;;C:\Users\user\Downloads\sts-4.20.1.RELEASE;
USERNAME=user
OS=Windows_NT
PROCESSOR_IDENTIFIER=Intel64 Family 6 Model 140 Stepping 1, GenuineIntel
TMP=C:\Users\user\AppData\Local\Temp
TEMP=C:\Users\user\AppData\Local\Temp




Periodic native trim disabled

---------------  S Y S T E M  ---------------

OS:
 Windows 11 , 64 bit Build 22621 (10.0.22621.3085)
OS uptime: 3 days 9:14 hours
Hyper-V role detected

CPU: total 8 (initial active 8) (4 cores per cpu, 2 threads per core) family 6 model 140 stepping 1 microcode 0xac, cx8, cmov, fxsr, ht, mmx, 3dnowpref, sse, sse2, sse3, ssse3, sse4.1, sse4.2, popcnt, lzcnt, tsc, tscinvbit, avx, avx2, aes, erms, clmul, bmi1, bmi2, adx, avx512f, avx512dq, avx512cd, avx512bw, avx512vl, sha, fma, vzeroupper, avx512_vpopcntdq, avx512_vpclmulqdq, avx512_vaes, avx512_vnni, clflush, clflushopt, clwb, avx512_vbmi2, avx512_vbmi, hv, rdtscp, rdpid, fsrm, gfni, avx512_bitalg, f16c, cet_ibt, cet_ss, avx512_ifma
Processor Information for processor 0
  Max Mhz: 2803, Current Mhz: 1001, Mhz Limit: 2803
Processor Information for processor 1
  Max Mhz: 2803, Current Mhz: 2803, Mhz Limit: 2803
Processor Information for processor 2
  Max Mhz: 2803, Current Mhz: 1001, Mhz Limit: 2803
Processor Information for processor 3
  Max Mhz: 2803, Current Mhz: 1001, Mhz Limit: 2803
Processor Information for processor 4
  Max Mhz: 2803, Current Mhz: 2803, Mhz Limit: 2803
Processor Information for processor 5
  Max Mhz: 2803, Current Mhz: 1001, Mhz Limit: 2803
Processor Information for processor 6
  Max Mhz: 2803, Current Mhz: 1001, Mhz Limit: 2803
Processor Information for processor 7
  Max Mhz: 2803, Current Mhz: 2803, Mhz Limit: 2803

Memory: 4k page, system-wide physical 16057M (5575M free)
TotalPageFile size 24761M (AvailPageFile size 8542M)
current process WorkingSet (physical memory assigned to process): 293M, peak: 297M
current process commit charge ("private bytes"): 332M, peak: 372M

vm_info: Java HotSpot(TM) 64-Bit Server VM (21.0.1+12-LTS-29) for windows-amd64 JRE (21.0.1+12-LTS-29), built on 2023-10-05T13:27:09Z by "mach5one" with MS VC++ 17.1 (VS2022)

END.
